#! /usr/bin/vvp
:ivl_version "12.0 (stable)";
:ivl_delay_selection "TYPICAL";
:vpi_time_precision + 0;
:vpi_module "/usr/lib/x86_64-linux-gnu/ivl/system.vpi";
:vpi_module "/usr/lib/x86_64-linux-gnu/ivl/vhdl_sys.vpi";
:vpi_module "/usr/lib/x86_64-linux-gnu/ivl/vhdl_textio.vpi";
:vpi_module "/usr/lib/x86_64-linux-gnu/ivl/v2005_math.vpi";
:vpi_module "/usr/lib/x86_64-linux-gnu/ivl/va_math.vpi";
S_0x55c2fa476740 .scope module, "tb_fcla" "tb_fcla" 2 128;
 .timescale 0 0;
v0x55c2fa4e02a0_0 .var "A", 3 0;
v0x55c2fa4e03d0_0 .var "B", 3 0;
v0x55c2fa4e04e0_0 .net "S", 3 0, L_0x55c2fa4ec970;  1 drivers
v0x55c2fa4e05d0_0 .var "cin", 0 0;
v0x55c2fa4e06c0_0 .var "clk", 0 0;
v0x55c2fa4e07b0_0 .net "cout", 0 0, L_0x55c2fa4ecf50;  1 drivers
v0x55c2fa4e08a0_0 .var/i "i", 31 0;
S_0x55c2fa4768d0 .scope module, "uut" "fcla" 2 142, 2 75 0, S_0x55c2fa476740;
 .timescale 0 0;
    .port_info 0 /INPUT 4 "A";
    .port_info 1 /INPUT 4 "B";
    .port_info 2 /INPUT 1 "cin";
    .port_info 3 /OUTPUT 4 "S";
    .port_info 4 /OUTPUT 1 "cout";
    .port_info 5 /INPUT 1 "clk";
v0x55c2fa4df900_0 .net "A", 3 0, v0x55c2fa4e02a0_0;  1 drivers
v0x55c2fa4df9c0_0 .net "A_reg", 3 0, L_0x55c2fa4e2e80;  1 drivers
v0x55c2fa4dfa60_0 .net "B", 3 0, v0x55c2fa4e03d0_0;  1 drivers
v0x55c2fa4dfb30_0 .net "B_reg", 3 0, L_0x55c2fa4e5710;  1 drivers
v0x55c2fa4dfc20_0 .net "S", 3 0, L_0x55c2fa4ec970;  alias, 1 drivers
v0x55c2fa4dfd30_0 .net "S_int", 3 0, L_0x55c2fa4e9ee0;  1 drivers
v0x55c2fa4dfe20_0 .net "cin", 0 0, v0x55c2fa4e05d0_0;  1 drivers
v0x55c2fa4dfec0_0 .net "cin_reg", 0 0, L_0x55c2fa4e5d80;  1 drivers
v0x55c2fa4dffb0_0 .net "clk", 0 0, v0x55c2fa4e06c0_0;  1 drivers
v0x55c2fa4e00e0_0 .net "cout", 0 0, L_0x55c2fa4ecf50;  alias, 1 drivers
v0x55c2fa4e0180_0 .net "cout_int", 0 0, L_0x55c2fa4e93b0;  1 drivers
S_0x55c2fa4812a0 .scope module, "cla_inst" "cla" 2 106, 2 33 0, S_0x55c2fa4768d0;
 .timescale 0 0;
    .port_info 0 /INPUT 4 "A";
    .port_info 1 /INPUT 4 "B";
    .port_info 2 /INPUT 1 "cin";
    .port_info 3 /OUTPUT 4 "S";
    .port_info 4 /OUTPUT 1 "cout";
L_0x55c2fa4e6040 .functor AND 1, L_0x55c2fa4e60b0, L_0x55c2fa4e61e0, C4<1>, C4<1>;
L_0x55c2fa4e6310 .functor AND 1, L_0x55c2fa4e6380, L_0x55c2fa4e6420, C4<1>, C4<1>;
L_0x55c2fa4e64f0 .functor AND 1, L_0x55c2fa4e6560, L_0x55c2fa4e6650, C4<1>, C4<1>;
L_0x55c2fa4e68d0 .functor AND 1, L_0x55c2fa4e69c0, L_0x55c2fa4e6b00, C4<1>, C4<1>;
L_0x55c2fa4e6bf0 .functor XOR 1, L_0x55c2fa4e6c60, L_0x55c2fa4e6db0, C4<0>, C4<0>;
L_0x55c2fa4e6f60 .functor XOR 1, L_0x55c2fa4e6fd0, L_0x55c2fa4e7130, C4<0>, C4<0>;
L_0x55c2fa4e7220 .functor XOR 1, L_0x55c2fa4e7290, L_0x55c2fa4e7400, C4<0>, C4<0>;
L_0x55c2fa4e70c0 .functor XOR 1, L_0x55c2fa4e77b0, L_0x55c2fa4e78a0, C4<0>, C4<0>;
L_0x55c2fa4e7a30 .functor AND 1, L_0x55c2fa4e7aa0, L_0x55c2fa4e5d80, C4<1>, C4<1>;
L_0x55c2fa4e7be0 .functor OR 1, L_0x55c2fa4e7cb0, L_0x55c2fa4e7990, C4<0>, C4<0>;
L_0x55c2fa4e7ea0 .functor AND 1, L_0x55c2fa4e7f10, L_0x55c2fa4e80c0, C4<1>, C4<1>;
L_0x55c2fa4e81b0 .functor OR 1, L_0x55c2fa4e82c0, L_0x55c2fa4e84d0, C4<0>, C4<0>;
L_0x55c2fa4e87e0 .functor AND 1, L_0x55c2fa4e88a0, L_0x55c2fa4e8990, C4<1>, C4<1>;
L_0x55c2fa4e8cb0 .functor OR 1, L_0x55c2fa4e8df0, L_0x55c2fa4e8fe0, C4<0>, C4<0>;
L_0x55c2fa4e8250 .functor AND 1, L_0x55c2fa4e9080, L_0x55c2fa4e9230, C4<1>, C4<1>;
L_0x55c2fa4e93b0 .functor OR 1, L_0x55c2fa4e8250, L_0x55c2fa4e94b0, C4<0>, C4<0>;
L_0x55c2fa4e96c0 .functor XOR 1, L_0x55c2fa4e9730, L_0x55c2fa4e5d80, C4<0>, C4<0>;
L_0x55c2fa4e9820 .functor XOR 1, L_0x55c2fa4e9930, L_0x55c2fa4e95a0, C4<0>, C4<0>;
L_0x55c2fa4e9b50 .functor XOR 1, L_0x55c2fa4e9bc0, L_0x55c2fa4e9df0, C4<0>, C4<0>;
L_0x55c2fa4ea1c0 .functor XOR 1, L_0x55c2fa4e9890, L_0x55c2fa4ea380, C4<0>, C4<0>;
v0x55c2fa47d840_0 .net "A", 3 0, L_0x55c2fa4e2e80;  alias, 1 drivers
v0x55c2fa4d0180_0 .net "B", 3 0, L_0x55c2fa4e5710;  alias, 1 drivers
v0x55c2fa4d0260_0 .net "C", 3 1, L_0x55c2fa4e8b70;  1 drivers
v0x55c2fa4d0320_0 .net "G", 3 0, L_0x55c2fa4e6740;  1 drivers
v0x55c2fa4d0400_0 .net "K", 3 1, L_0x55c2fa4e85c0;  1 drivers
v0x55c2fa4d0530_0 .net "P", 3 0, L_0x55c2fa4e74f0;  1 drivers
v0x55c2fa4d0610_0 .net "S", 3 0, L_0x55c2fa4e9ee0;  alias, 1 drivers
v0x55c2fa4d06f0_0 .net *"_ivl_1", 0 0, L_0x55c2fa4e6040;  1 drivers
v0x55c2fa4d07d0_0 .net *"_ivl_102", 0 0, L_0x55c2fa4e9080;  1 drivers
v0x55c2fa4d08b0_0 .net *"_ivl_104", 0 0, L_0x55c2fa4e9230;  1 drivers
v0x55c2fa4d0990_0 .net *"_ivl_107", 0 0, L_0x55c2fa4e94b0;  1 drivers
v0x55c2fa4d0a70_0 .net *"_ivl_109", 0 0, L_0x55c2fa4e96c0;  1 drivers
v0x55c2fa4d0b50_0 .net *"_ivl_11", 0 0, L_0x55c2fa4e6380;  1 drivers
v0x55c2fa4d0c30_0 .net *"_ivl_112", 0 0, L_0x55c2fa4e9730;  1 drivers
v0x55c2fa4d0d10_0 .net *"_ivl_114", 0 0, L_0x55c2fa4e9820;  1 drivers
v0x55c2fa4d0df0_0 .net *"_ivl_117", 0 0, L_0x55c2fa4e9930;  1 drivers
v0x55c2fa4d0ed0_0 .net *"_ivl_119", 0 0, L_0x55c2fa4e95a0;  1 drivers
v0x55c2fa4d0fb0_0 .net *"_ivl_121", 0 0, L_0x55c2fa4e9b50;  1 drivers
v0x55c2fa4d1090_0 .net *"_ivl_124", 0 0, L_0x55c2fa4e9bc0;  1 drivers
v0x55c2fa4d1170_0 .net *"_ivl_126", 0 0, L_0x55c2fa4e9df0;  1 drivers
v0x55c2fa4d1250_0 .net *"_ivl_128", 0 0, L_0x55c2fa4ea1c0;  1 drivers
v0x55c2fa4d1330_0 .net *"_ivl_13", 0 0, L_0x55c2fa4e6420;  1 drivers
v0x55c2fa4d1410_0 .net *"_ivl_132", 0 0, L_0x55c2fa4e9890;  1 drivers
v0x55c2fa4d14f0_0 .net *"_ivl_134", 0 0, L_0x55c2fa4ea380;  1 drivers
v0x55c2fa4d15d0_0 .net *"_ivl_15", 0 0, L_0x55c2fa4e64f0;  1 drivers
v0x55c2fa4d16b0_0 .net *"_ivl_18", 0 0, L_0x55c2fa4e6560;  1 drivers
v0x55c2fa4d1790_0 .net *"_ivl_20", 0 0, L_0x55c2fa4e6650;  1 drivers
v0x55c2fa4d1870_0 .net *"_ivl_22", 0 0, L_0x55c2fa4e68d0;  1 drivers
v0x55c2fa4d1950_0 .net *"_ivl_26", 0 0, L_0x55c2fa4e69c0;  1 drivers
v0x55c2fa4d1a30_0 .net *"_ivl_28", 0 0, L_0x55c2fa4e6b00;  1 drivers
v0x55c2fa4d1b10_0 .net *"_ivl_30", 0 0, L_0x55c2fa4e6bf0;  1 drivers
v0x55c2fa4d1bf0_0 .net *"_ivl_33", 0 0, L_0x55c2fa4e6c60;  1 drivers
v0x55c2fa4d1cd0_0 .net *"_ivl_35", 0 0, L_0x55c2fa4e6db0;  1 drivers
v0x55c2fa4d1fc0_0 .net *"_ivl_37", 0 0, L_0x55c2fa4e6f60;  1 drivers
v0x55c2fa4d20a0_0 .net *"_ivl_4", 0 0, L_0x55c2fa4e60b0;  1 drivers
v0x55c2fa4d2180_0 .net *"_ivl_40", 0 0, L_0x55c2fa4e6fd0;  1 drivers
v0x55c2fa4d2260_0 .net *"_ivl_42", 0 0, L_0x55c2fa4e7130;  1 drivers
v0x55c2fa4d2340_0 .net *"_ivl_44", 0 0, L_0x55c2fa4e7220;  1 drivers
v0x55c2fa4d2420_0 .net *"_ivl_47", 0 0, L_0x55c2fa4e7290;  1 drivers
v0x55c2fa4d2500_0 .net *"_ivl_49", 0 0, L_0x55c2fa4e7400;  1 drivers
v0x55c2fa4d25e0_0 .net *"_ivl_51", 0 0, L_0x55c2fa4e70c0;  1 drivers
v0x55c2fa4d26c0_0 .net *"_ivl_55", 0 0, L_0x55c2fa4e77b0;  1 drivers
v0x55c2fa4d27a0_0 .net *"_ivl_57", 0 0, L_0x55c2fa4e78a0;  1 drivers
v0x55c2fa4d2880_0 .net *"_ivl_59", 0 0, L_0x55c2fa4e7a30;  1 drivers
v0x55c2fa4d2960_0 .net *"_ivl_6", 0 0, L_0x55c2fa4e61e0;  1 drivers
v0x55c2fa4d2a40_0 .net *"_ivl_62", 0 0, L_0x55c2fa4e7aa0;  1 drivers
v0x55c2fa4d2b20_0 .net *"_ivl_64", 0 0, L_0x55c2fa4e7be0;  1 drivers
v0x55c2fa4d2c00_0 .net *"_ivl_67", 0 0, L_0x55c2fa4e7cb0;  1 drivers
v0x55c2fa4d2ce0_0 .net *"_ivl_69", 0 0, L_0x55c2fa4e7990;  1 drivers
v0x55c2fa4d2dc0_0 .net *"_ivl_71", 0 0, L_0x55c2fa4e7ea0;  1 drivers
v0x55c2fa4d2ea0_0 .net *"_ivl_74", 0 0, L_0x55c2fa4e7f10;  1 drivers
v0x55c2fa4d2f80_0 .net *"_ivl_76", 0 0, L_0x55c2fa4e80c0;  1 drivers
v0x55c2fa4d3060_0 .net *"_ivl_78", 0 0, L_0x55c2fa4e81b0;  1 drivers
v0x55c2fa4d3140_0 .net *"_ivl_8", 0 0, L_0x55c2fa4e6310;  1 drivers
v0x55c2fa4d3220_0 .net *"_ivl_81", 0 0, L_0x55c2fa4e82c0;  1 drivers
v0x55c2fa4d3300_0 .net *"_ivl_83", 0 0, L_0x55c2fa4e84d0;  1 drivers
v0x55c2fa4d33e0_0 .net *"_ivl_85", 0 0, L_0x55c2fa4e87e0;  1 drivers
v0x55c2fa4d34c0_0 .net *"_ivl_89", 0 0, L_0x55c2fa4e88a0;  1 drivers
v0x55c2fa4d35a0_0 .net *"_ivl_91", 0 0, L_0x55c2fa4e8990;  1 drivers
v0x55c2fa4d3680_0 .net *"_ivl_93", 0 0, L_0x55c2fa4e8cb0;  1 drivers
v0x55c2fa4d3760_0 .net *"_ivl_97", 0 0, L_0x55c2fa4e8df0;  1 drivers
v0x55c2fa4d3840_0 .net *"_ivl_99", 0 0, L_0x55c2fa4e8fe0;  1 drivers
v0x55c2fa4d3920_0 .net "cin", 0 0, L_0x55c2fa4e5d80;  alias, 1 drivers
v0x55c2fa4d39e0_0 .net "cout", 0 0, L_0x55c2fa4e93b0;  alias, 1 drivers
v0x55c2fa4d3aa0_0 .net "cout1", 0 0, L_0x55c2fa4e8250;  1 drivers
L_0x55c2fa4e60b0 .part L_0x55c2fa4e2e80, 0, 1;
L_0x55c2fa4e61e0 .part L_0x55c2fa4e5710, 0, 1;
L_0x55c2fa4e6380 .part L_0x55c2fa4e2e80, 1, 1;
L_0x55c2fa4e6420 .part L_0x55c2fa4e5710, 1, 1;
L_0x55c2fa4e6560 .part L_0x55c2fa4e2e80, 2, 1;
L_0x55c2fa4e6650 .part L_0x55c2fa4e5710, 2, 1;
L_0x55c2fa4e6740 .concat8 [ 1 1 1 1], L_0x55c2fa4e6040, L_0x55c2fa4e6310, L_0x55c2fa4e64f0, L_0x55c2fa4e68d0;
L_0x55c2fa4e69c0 .part L_0x55c2fa4e2e80, 3, 1;
L_0x55c2fa4e6b00 .part L_0x55c2fa4e5710, 3, 1;
L_0x55c2fa4e6c60 .part L_0x55c2fa4e2e80, 0, 1;
L_0x55c2fa4e6db0 .part L_0x55c2fa4e5710, 0, 1;
L_0x55c2fa4e6fd0 .part L_0x55c2fa4e2e80, 1, 1;
L_0x55c2fa4e7130 .part L_0x55c2fa4e5710, 1, 1;
L_0x55c2fa4e7290 .part L_0x55c2fa4e2e80, 2, 1;
L_0x55c2fa4e7400 .part L_0x55c2fa4e5710, 2, 1;
L_0x55c2fa4e74f0 .concat8 [ 1 1 1 1], L_0x55c2fa4e6bf0, L_0x55c2fa4e6f60, L_0x55c2fa4e7220, L_0x55c2fa4e70c0;
L_0x55c2fa4e77b0 .part L_0x55c2fa4e2e80, 3, 1;
L_0x55c2fa4e78a0 .part L_0x55c2fa4e5710, 3, 1;
L_0x55c2fa4e7aa0 .part L_0x55c2fa4e74f0, 0, 1;
L_0x55c2fa4e7cb0 .part L_0x55c2fa4e85c0, 0, 1;
L_0x55c2fa4e7990 .part L_0x55c2fa4e6740, 0, 1;
L_0x55c2fa4e7f10 .part L_0x55c2fa4e74f0, 1, 1;
L_0x55c2fa4e80c0 .part L_0x55c2fa4e8b70, 0, 1;
L_0x55c2fa4e82c0 .part L_0x55c2fa4e85c0, 1, 1;
L_0x55c2fa4e84d0 .part L_0x55c2fa4e6740, 1, 1;
L_0x55c2fa4e85c0 .concat8 [ 1 1 1 0], L_0x55c2fa4e7a30, L_0x55c2fa4e7ea0, L_0x55c2fa4e87e0;
L_0x55c2fa4e88a0 .part L_0x55c2fa4e74f0, 2, 1;
L_0x55c2fa4e8990 .part L_0x55c2fa4e8b70, 1, 1;
L_0x55c2fa4e8b70 .concat8 [ 1 1 1 0], L_0x55c2fa4e7be0, L_0x55c2fa4e81b0, L_0x55c2fa4e8cb0;
L_0x55c2fa4e8df0 .part L_0x55c2fa4e85c0, 2, 1;
L_0x55c2fa4e8fe0 .part L_0x55c2fa4e6740, 2, 1;
L_0x55c2fa4e9080 .part L_0x55c2fa4e74f0, 3, 1;
L_0x55c2fa4e9230 .part L_0x55c2fa4e8b70, 2, 1;
L_0x55c2fa4e94b0 .part L_0x55c2fa4e6740, 3, 1;
L_0x55c2fa4e9730 .part L_0x55c2fa4e74f0, 0, 1;
L_0x55c2fa4e9930 .part L_0x55c2fa4e74f0, 1, 1;
L_0x55c2fa4e95a0 .part L_0x55c2fa4e8b70, 0, 1;
L_0x55c2fa4e9bc0 .part L_0x55c2fa4e74f0, 2, 1;
L_0x55c2fa4e9df0 .part L_0x55c2fa4e8b70, 1, 1;
L_0x55c2fa4e9ee0 .concat8 [ 1 1 1 1], L_0x55c2fa4e96c0, L_0x55c2fa4e9820, L_0x55c2fa4e9b50, L_0x55c2fa4ea1c0;
L_0x55c2fa4e9890 .part L_0x55c2fa4e74f0, 3, 1;
L_0x55c2fa4ea380 .part L_0x55c2fa4e8b70, 2, 1;
S_0x55c2fa4d4010 .scope module, "dff_A" "dff4" 2 88, 2 20 0, S_0x55c2fa4768d0;
 .timescale 0 0;
    .port_info 0 /INPUT 1 "clk";
    .port_info 1 /INPUT 4 "d";
    .port_info 2 /OUTPUT 4 "q";
v0x55c2fa4d72c0_0 .net "clk", 0 0, v0x55c2fa4e06c0_0;  alias, 1 drivers
v0x55c2fa4d73f0_0 .net "d", 3 0, v0x55c2fa4e02a0_0;  alias, 1 drivers
v0x55c2fa4d74d0_0 .net "q", 3 0, L_0x55c2fa4e2e80;  alias, 1 drivers
L_0x55c2fa4e12b0 .part v0x55c2fa4e02a0_0, 0, 1;
L_0x55c2fa4e1bc0 .part v0x55c2fa4e02a0_0, 1, 1;
L_0x55c2fa4e2510 .part v0x55c2fa4e02a0_0, 2, 1;
L_0x55c2fa4e2de0 .part v0x55c2fa4e02a0_0, 3, 1;
L_0x55c2fa4e2e80 .concat8 [ 1 1 1 1], L_0x55c2fa4e1030, L_0x55c2fa4e1940, L_0x55c2fa4e2290, L_0x55c2fa4e2b60;
S_0x55c2fa4d4210 .scope module, "uff0" "dff" 2 26, 2 1 0, S_0x55c2fa4d4010;
 .timescale 0 0;
    .port_info 0 /INPUT 1 "clk";
    .port_info 1 /INPUT 1 "d";
    .port_info 2 /OUTPUT 1 "q";
L_0x55c2fa4e0980 .functor NOT 1, v0x55c2fa4e06c0_0, C4<0>, C4<0>, C4<0>;
L_0x55c2fa4e0a10 .functor NOT 1, L_0x55c2fa4e12b0, C4<0>, C4<0>, C4<0>;
L_0x55c2fa4e0aa0 .functor NAND 1, L_0x55c2fa4e12b0, L_0x55c2fa4e0980, C4<1>, C4<1>;
L_0x55c2fa4e0bb0 .functor NAND 1, L_0x55c2fa4e0a10, L_0x55c2fa4e0980, C4<1>, C4<1>;
L_0x55c2fa4e0ca0 .functor NAND 1, L_0x55c2fa4e0aa0, L_0x55c2fa4e0d60, C4<1>, C4<1>;
L_0x55c2fa4e0d60 .functor NAND 1, L_0x55c2fa4e0bb0, L_0x55c2fa4e0ca0, C4<1>, C4<1>;
L_0x55c2fa4e0f00 .functor NAND 1, L_0x55c2fa4e0ca0, v0x55c2fa4e06c0_0, C4<1>, C4<1>;
L_0x55c2fa4e0f70 .functor NAND 1, L_0x55c2fa4e0d60, v0x55c2fa4e06c0_0, C4<1>, C4<1>;
L_0x55c2fa4e1030 .functor NAND 1, L_0x55c2fa4e0f00, L_0x55c2fa4e10f0, C4<1>, C4<1>;
L_0x55c2fa4e10f0 .functor NAND 1, L_0x55c2fa4e0f70, L_0x55c2fa4e1030, C4<1>, C4<1>;
v0x55c2fa4d4480_0 .net "clk", 0 0, v0x55c2fa4e06c0_0;  alias, 1 drivers
v0x55c2fa4d4560_0 .net "clkn", 0 0, L_0x55c2fa4e0980;  1 drivers
v0x55c2fa4d4620_0 .net "d", 0 0, L_0x55c2fa4e12b0;  1 drivers
v0x55c2fa4d46c0_0 .net "dc", 0 0, L_0x55c2fa4e0aa0;  1 drivers
v0x55c2fa4d4780_0 .net "dc1", 0 0, L_0x55c2fa4e0f00;  1 drivers
v0x55c2fa4d4890_0 .net "nd", 0 0, L_0x55c2fa4e0a10;  1 drivers
v0x55c2fa4d4950_0 .net "ndc", 0 0, L_0x55c2fa4e0bb0;  1 drivers
v0x55c2fa4d4a10_0 .net "ndc1", 0 0, L_0x55c2fa4e0f70;  1 drivers
v0x55c2fa4d4ad0_0 .net "q", 0 0, L_0x55c2fa4e1030;  1 drivers
v0x55c2fa4d4b90_0 .net "q1", 0 0, L_0x55c2fa4e0ca0;  1 drivers
v0x55c2fa4d4c50_0 .net "q1n", 0 0, L_0x55c2fa4e0d60;  1 drivers
v0x55c2fa4d4d10_0 .net "qn", 0 0, L_0x55c2fa4e10f0;  1 drivers
S_0x55c2fa4d4e50 .scope module, "uff1" "dff" 2 27, 2 1 0, S_0x55c2fa4d4010;
 .timescale 0 0;
    .port_info 0 /INPUT 1 "clk";
    .port_info 1 /INPUT 1 "d";
    .port_info 2 /OUTPUT 1 "q";
L_0x55c2fa4e1350 .functor NOT 1, v0x55c2fa4e06c0_0, C4<0>, C4<0>, C4<0>;
L_0x55c2fa4e13c0 .functor NOT 1, L_0x55c2fa4e1bc0, C4<0>, C4<0>, C4<0>;
L_0x55c2fa4e1430 .functor NAND 1, L_0x55c2fa4e1bc0, L_0x55c2fa4e1350, C4<1>, C4<1>;
L_0x55c2fa4e14f0 .functor NAND 1, L_0x55c2fa4e13c0, L_0x55c2fa4e1350, C4<1>, C4<1>;
L_0x55c2fa4e15b0 .functor NAND 1, L_0x55c2fa4e1430, L_0x55c2fa4e1670, C4<1>, C4<1>;
L_0x55c2fa4e1670 .functor NAND 1, L_0x55c2fa4e14f0, L_0x55c2fa4e15b0, C4<1>, C4<1>;
L_0x55c2fa4e1810 .functor NAND 1, L_0x55c2fa4e15b0, v0x55c2fa4e06c0_0, C4<1>, C4<1>;
L_0x55c2fa4e1880 .functor NAND 1, L_0x55c2fa4e1670, v0x55c2fa4e06c0_0, C4<1>, C4<1>;
L_0x55c2fa4e1940 .functor NAND 1, L_0x55c2fa4e1810, L_0x55c2fa4e1a00, C4<1>, C4<1>;
L_0x55c2fa4e1a00 .functor NAND 1, L_0x55c2fa4e1880, L_0x55c2fa4e1940, C4<1>, C4<1>;
v0x55c2fa4d5030_0 .net "clk", 0 0, v0x55c2fa4e06c0_0;  alias, 1 drivers
v0x55c2fa4d50f0_0 .net "clkn", 0 0, L_0x55c2fa4e1350;  1 drivers
v0x55c2fa4d5190_0 .net "d", 0 0, L_0x55c2fa4e1bc0;  1 drivers
v0x55c2fa4d5230_0 .net "dc", 0 0, L_0x55c2fa4e1430;  1 drivers
v0x55c2fa4d52f0_0 .net "dc1", 0 0, L_0x55c2fa4e1810;  1 drivers
v0x55c2fa4d5400_0 .net "nd", 0 0, L_0x55c2fa4e13c0;  1 drivers
v0x55c2fa4d54c0_0 .net "ndc", 0 0, L_0x55c2fa4e14f0;  1 drivers
v0x55c2fa4d5580_0 .net "ndc1", 0 0, L_0x55c2fa4e1880;  1 drivers
v0x55c2fa4d5640_0 .net "q", 0 0, L_0x55c2fa4e1940;  1 drivers
v0x55c2fa4d5790_0 .net "q1", 0 0, L_0x55c2fa4e15b0;  1 drivers
v0x55c2fa4d5850_0 .net "q1n", 0 0, L_0x55c2fa4e1670;  1 drivers
v0x55c2fa4d5910_0 .net "qn", 0 0, L_0x55c2fa4e1a00;  1 drivers
S_0x55c2fa4d5a50 .scope module, "uff2" "dff" 2 28, 2 1 0, S_0x55c2fa4d4010;
 .timescale 0 0;
    .port_info 0 /INPUT 1 "clk";
    .port_info 1 /INPUT 1 "d";
    .port_info 2 /OUTPUT 1 "q";
L_0x55c2fa4e1cf0 .functor NOT 1, v0x55c2fa4e06c0_0, C4<0>, C4<0>, C4<0>;
L_0x55c2fa4e1d60 .functor NOT 1, L_0x55c2fa4e2510, C4<0>, C4<0>, C4<0>;
L_0x55c2fa4e1dd0 .functor NAND 1, L_0x55c2fa4e2510, L_0x55c2fa4e1cf0, C4<1>, C4<1>;
L_0x55c2fa4e1e40 .functor NAND 1, L_0x55c2fa4e1d60, L_0x55c2fa4e1cf0, C4<1>, C4<1>;
L_0x55c2fa4e1f00 .functor NAND 1, L_0x55c2fa4e1dd0, L_0x55c2fa4e1fc0, C4<1>, C4<1>;
L_0x55c2fa4e1fc0 .functor NAND 1, L_0x55c2fa4e1e40, L_0x55c2fa4e1f00, C4<1>, C4<1>;
L_0x55c2fa4e2160 .functor NAND 1, L_0x55c2fa4e1f00, v0x55c2fa4e06c0_0, C4<1>, C4<1>;
L_0x55c2fa4e21d0 .functor NAND 1, L_0x55c2fa4e1fc0, v0x55c2fa4e06c0_0, C4<1>, C4<1>;
L_0x55c2fa4e2290 .functor NAND 1, L_0x55c2fa4e2160, L_0x55c2fa4e2350, C4<1>, C4<1>;
L_0x55c2fa4e2350 .functor NAND 1, L_0x55c2fa4e21d0, L_0x55c2fa4e2290, C4<1>, C4<1>;
v0x55c2fa4d5c30_0 .net "clk", 0 0, v0x55c2fa4e06c0_0;  alias, 1 drivers
v0x55c2fa4d5d20_0 .net "clkn", 0 0, L_0x55c2fa4e1cf0;  1 drivers
v0x55c2fa4d5de0_0 .net "d", 0 0, L_0x55c2fa4e2510;  1 drivers
v0x55c2fa4d5e80_0 .net "dc", 0 0, L_0x55c2fa4e1dd0;  1 drivers
v0x55c2fa4d5f40_0 .net "dc1", 0 0, L_0x55c2fa4e2160;  1 drivers
v0x55c2fa4d6050_0 .net "nd", 0 0, L_0x55c2fa4e1d60;  1 drivers
v0x55c2fa4d6110_0 .net "ndc", 0 0, L_0x55c2fa4e1e40;  1 drivers
v0x55c2fa4d61d0_0 .net "ndc1", 0 0, L_0x55c2fa4e21d0;  1 drivers
v0x55c2fa4d6290_0 .net "q", 0 0, L_0x55c2fa4e2290;  1 drivers
v0x55c2fa4d63e0_0 .net "q1", 0 0, L_0x55c2fa4e1f00;  1 drivers
v0x55c2fa4d64a0_0 .net "q1n", 0 0, L_0x55c2fa4e1fc0;  1 drivers
v0x55c2fa4d6560_0 .net "qn", 0 0, L_0x55c2fa4e2350;  1 drivers
S_0x55c2fa4d66a0 .scope module, "uff3" "dff" 2 29, 2 1 0, S_0x55c2fa4d4010;
 .timescale 0 0;
    .port_info 0 /INPUT 1 "clk";
    .port_info 1 /INPUT 1 "d";
    .port_info 2 /OUTPUT 1 "q";
L_0x55c2fa4e25b0 .functor NOT 1, v0x55c2fa4e06c0_0, C4<0>, C4<0>, C4<0>;
L_0x55c2fa4e2620 .functor NOT 1, L_0x55c2fa4e2de0, C4<0>, C4<0>, C4<0>;
L_0x55c2fa4e2690 .functor NAND 1, L_0x55c2fa4e2de0, L_0x55c2fa4e25b0, C4<1>, C4<1>;
L_0x55c2fa4e2750 .functor NAND 1, L_0x55c2fa4e2620, L_0x55c2fa4e25b0, C4<1>, C4<1>;
L_0x55c2fa4e2810 .functor NAND 1, L_0x55c2fa4e2690, L_0x55c2fa4e28d0, C4<1>, C4<1>;
L_0x55c2fa4e28d0 .functor NAND 1, L_0x55c2fa4e2750, L_0x55c2fa4e2810, C4<1>, C4<1>;
L_0x55c2fa4e2a30 .functor NAND 1, L_0x55c2fa4e2810, v0x55c2fa4e06c0_0, C4<1>, C4<1>;
L_0x55c2fa4e2aa0 .functor NAND 1, L_0x55c2fa4e28d0, v0x55c2fa4e06c0_0, C4<1>, C4<1>;
L_0x55c2fa4e2b60 .functor NAND 1, L_0x55c2fa4e2a30, L_0x55c2fa4e2c20, C4<1>, C4<1>;
L_0x55c2fa4e2c20 .functor NAND 1, L_0x55c2fa4e2aa0, L_0x55c2fa4e2b60, C4<1>, C4<1>;
v0x55c2fa4d6880_0 .net "clk", 0 0, v0x55c2fa4e06c0_0;  alias, 1 drivers
v0x55c2fa4d6940_0 .net "clkn", 0 0, L_0x55c2fa4e25b0;  1 drivers
v0x55c2fa4d6a00_0 .net "d", 0 0, L_0x55c2fa4e2de0;  1 drivers
v0x55c2fa4d6aa0_0 .net "dc", 0 0, L_0x55c2fa4e2690;  1 drivers
v0x55c2fa4d6b60_0 .net "dc1", 0 0, L_0x55c2fa4e2a30;  1 drivers
v0x55c2fa4d6c70_0 .net "nd", 0 0, L_0x55c2fa4e2620;  1 drivers
v0x55c2fa4d6d30_0 .net "ndc", 0 0, L_0x55c2fa4e2750;  1 drivers
v0x55c2fa4d6df0_0 .net "ndc1", 0 0, L_0x55c2fa4e2aa0;  1 drivers
v0x55c2fa4d6eb0_0 .net "q", 0 0, L_0x55c2fa4e2b60;  1 drivers
v0x55c2fa4d7000_0 .net "q1", 0 0, L_0x55c2fa4e2810;  1 drivers
v0x55c2fa4d70c0_0 .net "q1n", 0 0, L_0x55c2fa4e28d0;  1 drivers
v0x55c2fa4d7180_0 .net "qn", 0 0, L_0x55c2fa4e2c20;  1 drivers
S_0x55c2fa4d75d0 .scope module, "dff_B" "dff4" 2 94, 2 20 0, S_0x55c2fa4768d0;
 .timescale 0 0;
    .port_info 0 /INPUT 1 "clk";
    .port_info 1 /INPUT 4 "d";
    .port_info 2 /OUTPUT 4 "q";
v0x55c2fa4da800_0 .net "clk", 0 0, v0x55c2fa4e06c0_0;  alias, 1 drivers
v0x55c2fa4da8a0_0 .net "d", 3 0, v0x55c2fa4e03d0_0;  alias, 1 drivers
v0x55c2fa4da980_0 .net "q", 3 0, L_0x55c2fa4e5710;  alias, 1 drivers
L_0x55c2fa4e3b90 .part v0x55c2fa4e03d0_0, 0, 1;
L_0x55c2fa4e4490 .part v0x55c2fa4e03d0_0, 1, 1;
L_0x55c2fa4e4da0 .part v0x55c2fa4e03d0_0, 2, 1;
L_0x55c2fa4e5670 .part v0x55c2fa4e03d0_0, 3, 1;
L_0x55c2fa4e5710 .concat8 [ 1 1 1 1], L_0x55c2fa4e3910, L_0x55c2fa4e4210, L_0x55c2fa4e4b20, L_0x55c2fa4e53f0;
S_0x55c2fa4d7760 .scope module, "uff0" "dff" 2 26, 2 1 0, S_0x55c2fa4d75d0;
 .timescale 0 0;
    .port_info 0 /INPUT 1 "clk";
    .port_info 1 /INPUT 1 "d";
    .port_info 2 /OUTPUT 1 "q";
L_0x55c2fa4e2f20 .functor NOT 1, v0x55c2fa4e06c0_0, C4<0>, C4<0>, C4<0>;
L_0x55c2fa4e2f90 .functor NOT 1, L_0x55c2fa4e3b90, C4<0>, C4<0>, C4<0>;
L_0x55c2fa4e3000 .functor NAND 1, L_0x55c2fa4e3b90, L_0x55c2fa4e2f20, C4<1>, C4<1>;
L_0x55c2fa4e30c0 .functor NAND 1, L_0x55c2fa4e2f90, L_0x55c2fa4e2f20, C4<1>, C4<1>;
L_0x55c2fa4e31b0 .functor NAND 1, L_0x55c2fa4e3000, L_0x55c2fa4e3270, C4<1>, C4<1>;
L_0x55c2fa4e3270 .functor NAND 1, L_0x55c2fa4e30c0, L_0x55c2fa4e31b0, C4<1>, C4<1>;
L_0x55c2fa4e33d0 .functor NAND 1, L_0x55c2fa4e31b0, v0x55c2fa4e06c0_0, C4<1>, C4<1>;
L_0x55c2fa4e3850 .functor NAND 1, L_0x55c2fa4e3270, v0x55c2fa4e06c0_0, C4<1>, C4<1>;
L_0x55c2fa4e3910 .functor NAND 1, L_0x55c2fa4e33d0, L_0x55c2fa4e39d0, C4<1>, C4<1>;
L_0x55c2fa4e39d0 .functor NAND 1, L_0x55c2fa4e3850, L_0x55c2fa4e3910, C4<1>, C4<1>;
v0x55c2fa4d79b0_0 .net "clk", 0 0, v0x55c2fa4e06c0_0;  alias, 1 drivers
v0x55c2fa4d7a70_0 .net "clkn", 0 0, L_0x55c2fa4e2f20;  1 drivers
v0x55c2fa4d7b30_0 .net "d", 0 0, L_0x55c2fa4e3b90;  1 drivers
v0x55c2fa4d7c00_0 .net "dc", 0 0, L_0x55c2fa4e3000;  1 drivers
v0x55c2fa4d7cc0_0 .net "dc1", 0 0, L_0x55c2fa4e33d0;  1 drivers
v0x55c2fa4d7dd0_0 .net "nd", 0 0, L_0x55c2fa4e2f90;  1 drivers
v0x55c2fa4d7e90_0 .net "ndc", 0 0, L_0x55c2fa4e30c0;  1 drivers
v0x55c2fa4d7f50_0 .net "ndc1", 0 0, L_0x55c2fa4e3850;  1 drivers
v0x55c2fa4d8010_0 .net "q", 0 0, L_0x55c2fa4e3910;  1 drivers
v0x55c2fa4d8160_0 .net "q1", 0 0, L_0x55c2fa4e31b0;  1 drivers
v0x55c2fa4d8220_0 .net "q1n", 0 0, L_0x55c2fa4e3270;  1 drivers
v0x55c2fa4d82e0_0 .net "qn", 0 0, L_0x55c2fa4e39d0;  1 drivers
S_0x55c2fa4d8420 .scope module, "uff1" "dff" 2 27, 2 1 0, S_0x55c2fa4d75d0;
 .timescale 0 0;
    .port_info 0 /INPUT 1 "clk";
    .port_info 1 /INPUT 1 "d";
    .port_info 2 /OUTPUT 1 "q";
L_0x55c2fa4e3c30 .functor NOT 1, v0x55c2fa4e06c0_0, C4<0>, C4<0>, C4<0>;
L_0x55c2fa4e3ca0 .functor NOT 1, L_0x55c2fa4e4490, C4<0>, C4<0>, C4<0>;
L_0x55c2fa4e3d10 .functor NAND 1, L_0x55c2fa4e4490, L_0x55c2fa4e3c30, C4<1>, C4<1>;
L_0x55c2fa4e3dd0 .functor NAND 1, L_0x55c2fa4e3ca0, L_0x55c2fa4e3c30, C4<1>, C4<1>;
L_0x55c2fa4e3ec0 .functor NAND 1, L_0x55c2fa4e3d10, L_0x55c2fa4e3f80, C4<1>, C4<1>;
L_0x55c2fa4e3f80 .functor NAND 1, L_0x55c2fa4e3dd0, L_0x55c2fa4e3ec0, C4<1>, C4<1>;
L_0x55c2fa4e40e0 .functor NAND 1, L_0x55c2fa4e3ec0, v0x55c2fa4e06c0_0, C4<1>, C4<1>;
L_0x55c2fa4e4150 .functor NAND 1, L_0x55c2fa4e3f80, v0x55c2fa4e06c0_0, C4<1>, C4<1>;
L_0x55c2fa4e4210 .functor NAND 1, L_0x55c2fa4e40e0, L_0x55c2fa4e42d0, C4<1>, C4<1>;
L_0x55c2fa4e42d0 .functor NAND 1, L_0x55c2fa4e4150, L_0x55c2fa4e4210, C4<1>, C4<1>;
v0x55c2fa4d8600_0 .net "clk", 0 0, v0x55c2fa4e06c0_0;  alias, 1 drivers
v0x55c2fa4d86c0_0 .net "clkn", 0 0, L_0x55c2fa4e3c30;  1 drivers
v0x55c2fa4d8780_0 .net "d", 0 0, L_0x55c2fa4e4490;  1 drivers
v0x55c2fa4d8820_0 .net "dc", 0 0, L_0x55c2fa4e3d10;  1 drivers
v0x55c2fa4d88e0_0 .net "dc1", 0 0, L_0x55c2fa4e40e0;  1 drivers
v0x55c2fa4d89f0_0 .net "nd", 0 0, L_0x55c2fa4e3ca0;  1 drivers
v0x55c2fa4d8ab0_0 .net "ndc", 0 0, L_0x55c2fa4e3dd0;  1 drivers
v0x55c2fa4d8b70_0 .net "ndc1", 0 0, L_0x55c2fa4e4150;  1 drivers
v0x55c2fa4d8c30_0 .net "q", 0 0, L_0x55c2fa4e4210;  1 drivers
v0x55c2fa4d8d80_0 .net "q1", 0 0, L_0x55c2fa4e3ec0;  1 drivers
v0x55c2fa4d8e40_0 .net "q1n", 0 0, L_0x55c2fa4e3f80;  1 drivers
v0x55c2fa4d8f00_0 .net "qn", 0 0, L_0x55c2fa4e42d0;  1 drivers
S_0x55c2fa4d9040 .scope module, "uff2" "dff" 2 28, 2 1 0, S_0x55c2fa4d75d0;
 .timescale 0 0;
    .port_info 0 /INPUT 1 "clk";
    .port_info 1 /INPUT 1 "d";
    .port_info 2 /OUTPUT 1 "q";
L_0x55c2fa4e45c0 .functor NOT 1, v0x55c2fa4e06c0_0, C4<0>, C4<0>, C4<0>;
L_0x55c2fa4e4630 .functor NOT 1, L_0x55c2fa4e4da0, C4<0>, C4<0>, C4<0>;
L_0x55c2fa4e46a0 .functor NAND 1, L_0x55c2fa4e4da0, L_0x55c2fa4e45c0, C4<1>, C4<1>;
L_0x55c2fa4e4710 .functor NAND 1, L_0x55c2fa4e4630, L_0x55c2fa4e45c0, C4<1>, C4<1>;
L_0x55c2fa4e47d0 .functor NAND 1, L_0x55c2fa4e46a0, L_0x55c2fa4e4890, C4<1>, C4<1>;
L_0x55c2fa4e4890 .functor NAND 1, L_0x55c2fa4e4710, L_0x55c2fa4e47d0, C4<1>, C4<1>;
L_0x55c2fa4e49f0 .functor NAND 1, L_0x55c2fa4e47d0, v0x55c2fa4e06c0_0, C4<1>, C4<1>;
L_0x55c2fa4e4a60 .functor NAND 1, L_0x55c2fa4e4890, v0x55c2fa4e06c0_0, C4<1>, C4<1>;
L_0x55c2fa4e4b20 .functor NAND 1, L_0x55c2fa4e49f0, L_0x55c2fa4e4be0, C4<1>, C4<1>;
L_0x55c2fa4e4be0 .functor NAND 1, L_0x55c2fa4e4a60, L_0x55c2fa4e4b20, C4<1>, C4<1>;
v0x55c2fa4d9220_0 .net "clk", 0 0, v0x55c2fa4e06c0_0;  alias, 1 drivers
v0x55c2fa4d92c0_0 .net "clkn", 0 0, L_0x55c2fa4e45c0;  1 drivers
v0x55c2fa4d9380_0 .net "d", 0 0, L_0x55c2fa4e4da0;  1 drivers
v0x55c2fa4d9450_0 .net "dc", 0 0, L_0x55c2fa4e46a0;  1 drivers
v0x55c2fa4d9510_0 .net "dc1", 0 0, L_0x55c2fa4e49f0;  1 drivers
v0x55c2fa4d9620_0 .net "nd", 0 0, L_0x55c2fa4e4630;  1 drivers
v0x55c2fa4d96e0_0 .net "ndc", 0 0, L_0x55c2fa4e4710;  1 drivers
v0x55c2fa4d97a0_0 .net "ndc1", 0 0, L_0x55c2fa4e4a60;  1 drivers
v0x55c2fa4d9860_0 .net "q", 0 0, L_0x55c2fa4e4b20;  1 drivers
v0x55c2fa4d99b0_0 .net "q1", 0 0, L_0x55c2fa4e47d0;  1 drivers
v0x55c2fa4d9a70_0 .net "q1n", 0 0, L_0x55c2fa4e4890;  1 drivers
v0x55c2fa4d9b30_0 .net "qn", 0 0, L_0x55c2fa4e4be0;  1 drivers
S_0x55c2fa4d9c70 .scope module, "uff3" "dff" 2 29, 2 1 0, S_0x55c2fa4d75d0;
 .timescale 0 0;
    .port_info 0 /INPUT 1 "clk";
    .port_info 1 /INPUT 1 "d";
    .port_info 2 /OUTPUT 1 "q";
L_0x55c2fa4e4e40 .functor NOT 1, v0x55c2fa4e06c0_0, C4<0>, C4<0>, C4<0>;
L_0x55c2fa4e4eb0 .functor NOT 1, L_0x55c2fa4e5670, C4<0>, C4<0>, C4<0>;
L_0x55c2fa4e4f20 .functor NAND 1, L_0x55c2fa4e5670, L_0x55c2fa4e4e40, C4<1>, C4<1>;
L_0x55c2fa4e4fe0 .functor NAND 1, L_0x55c2fa4e4eb0, L_0x55c2fa4e4e40, C4<1>, C4<1>;
L_0x55c2fa4e50a0 .functor NAND 1, L_0x55c2fa4e4f20, L_0x55c2fa4e5160, C4<1>, C4<1>;
L_0x55c2fa4e5160 .functor NAND 1, L_0x55c2fa4e4fe0, L_0x55c2fa4e50a0, C4<1>, C4<1>;
L_0x55c2fa4e52c0 .functor NAND 1, L_0x55c2fa4e50a0, v0x55c2fa4e06c0_0, C4<1>, C4<1>;
L_0x55c2fa4e5330 .functor NAND 1, L_0x55c2fa4e5160, v0x55c2fa4e06c0_0, C4<1>, C4<1>;
L_0x55c2fa4e53f0 .functor NAND 1, L_0x55c2fa4e52c0, L_0x55c2fa4e54b0, C4<1>, C4<1>;
L_0x55c2fa4e54b0 .functor NAND 1, L_0x55c2fa4e5330, L_0x55c2fa4e53f0, C4<1>, C4<1>;
v0x55c2fa4d9e50_0 .net "clk", 0 0, v0x55c2fa4e06c0_0;  alias, 1 drivers
v0x55c2fa4d9f10_0 .net "clkn", 0 0, L_0x55c2fa4e4e40;  1 drivers
v0x55c2fa4d9fd0_0 .net "d", 0 0, L_0x55c2fa4e5670;  1 drivers
v0x55c2fa4da070_0 .net "dc", 0 0, L_0x55c2fa4e4f20;  1 drivers
v0x55c2fa4da130_0 .net "dc1", 0 0, L_0x55c2fa4e52c0;  1 drivers
v0x55c2fa4da240_0 .net "nd", 0 0, L_0x55c2fa4e4eb0;  1 drivers
v0x55c2fa4da300_0 .net "ndc", 0 0, L_0x55c2fa4e4fe0;  1 drivers
v0x55c2fa4da3c0_0 .net "ndc1", 0 0, L_0x55c2fa4e5330;  1 drivers
v0x55c2fa4da480_0 .net "q", 0 0, L_0x55c2fa4e53f0;  1 drivers
v0x55c2fa4da540_0 .net "q1", 0 0, L_0x55c2fa4e50a0;  1 drivers
v0x55c2fa4da600_0 .net "q1n", 0 0, L_0x55c2fa4e5160;  1 drivers
v0x55c2fa4da6c0_0 .net "qn", 0 0, L_0x55c2fa4e54b0;  1 drivers
S_0x55c2fa4daab0 .scope module, "dff_S" "dff4" 2 114, 2 20 0, S_0x55c2fa4768d0;
 .timescale 0 0;
    .port_info 0 /INPUT 1 "clk";
    .port_info 1 /INPUT 4 "d";
    .port_info 2 /OUTPUT 4 "q";
v0x55c2fa4ddde0_0 .net "clk", 0 0, v0x55c2fa4e06c0_0;  alias, 1 drivers
v0x55c2fa4dde80_0 .net "d", 3 0, L_0x55c2fa4e9ee0;  alias, 1 drivers
v0x55c2fa4ddf40_0 .net "q", 3 0, L_0x55c2fa4ec970;  alias, 1 drivers
L_0x55c2fa4eae50 .part L_0x55c2fa4e9ee0, 0, 1;
L_0x55c2fa4eb700 .part L_0x55c2fa4e9ee0, 1, 1;
L_0x55c2fa4ec000 .part L_0x55c2fa4e9ee0, 2, 1;
L_0x55c2fa4ec8d0 .part L_0x55c2fa4e9ee0, 3, 1;
L_0x55c2fa4ec970 .concat8 [ 1 1 1 1], L_0x55c2fa4eabd0, L_0x55c2fa4eb480, L_0x55c2fa4ebd80, L_0x55c2fa4ec650;
S_0x55c2fa4dac90 .scope module, "uff0" "dff" 2 26, 2 1 0, S_0x55c2fa4daab0;
 .timescale 0 0;
    .port_info 0 /INPUT 1 "clk";
    .port_info 1 /INPUT 1 "d";
    .port_info 2 /OUTPUT 1 "q";
L_0x55c2fa4ea5d0 .functor NOT 1, v0x55c2fa4e06c0_0, C4<0>, C4<0>, C4<0>;
L_0x55c2fa4ea640 .functor NOT 1, L_0x55c2fa4eae50, C4<0>, C4<0>, C4<0>;
L_0x55c2fa4ea6b0 .functor NAND 1, L_0x55c2fa4eae50, L_0x55c2fa4ea5d0, C4<1>, C4<1>;
L_0x55c2fa4ea7c0 .functor NAND 1, L_0x55c2fa4ea640, L_0x55c2fa4ea5d0, C4<1>, C4<1>;
L_0x55c2fa4ea880 .functor NAND 1, L_0x55c2fa4ea6b0, L_0x55c2fa4ea940, C4<1>, C4<1>;
L_0x55c2fa4ea940 .functor NAND 1, L_0x55c2fa4ea7c0, L_0x55c2fa4ea880, C4<1>, C4<1>;
L_0x55c2fa4eaaa0 .functor NAND 1, L_0x55c2fa4ea880, v0x55c2fa4e06c0_0, C4<1>, C4<1>;
L_0x55c2fa4eab10 .functor NAND 1, L_0x55c2fa4ea940, v0x55c2fa4e06c0_0, C4<1>, C4<1>;
L_0x55c2fa4eabd0 .functor NAND 1, L_0x55c2fa4eaaa0, L_0x55c2fa4eac90, C4<1>, C4<1>;
L_0x55c2fa4eac90 .functor NAND 1, L_0x55c2fa4eab10, L_0x55c2fa4eabd0, C4<1>, C4<1>;
v0x55c2fa4daf00_0 .net "clk", 0 0, v0x55c2fa4e06c0_0;  alias, 1 drivers
v0x55c2fa4dafc0_0 .net "clkn", 0 0, L_0x55c2fa4ea5d0;  1 drivers
v0x55c2fa4db080_0 .net "d", 0 0, L_0x55c2fa4eae50;  1 drivers
v0x55c2fa4db150_0 .net "dc", 0 0, L_0x55c2fa4ea6b0;  1 drivers
v0x55c2fa4db210_0 .net "dc1", 0 0, L_0x55c2fa4eaaa0;  1 drivers
v0x55c2fa4db320_0 .net "nd", 0 0, L_0x55c2fa4ea640;  1 drivers
v0x55c2fa4db3e0_0 .net "ndc", 0 0, L_0x55c2fa4ea7c0;  1 drivers
v0x55c2fa4db4a0_0 .net "ndc1", 0 0, L_0x55c2fa4eab10;  1 drivers
v0x55c2fa4db560_0 .net "q", 0 0, L_0x55c2fa4eabd0;  1 drivers
v0x55c2fa4db6b0_0 .net "q1", 0 0, L_0x55c2fa4ea880;  1 drivers
v0x55c2fa4db770_0 .net "q1n", 0 0, L_0x55c2fa4ea940;  1 drivers
v0x55c2fa4db830_0 .net "qn", 0 0, L_0x55c2fa4eac90;  1 drivers
S_0x55c2fa4db970 .scope module, "uff1" "dff" 2 27, 2 1 0, S_0x55c2fa4daab0;
 .timescale 0 0;
    .port_info 0 /INPUT 1 "clk";
    .port_info 1 /INPUT 1 "d";
    .port_info 2 /OUTPUT 1 "q";
L_0x55c2fa4eaef0 .functor NOT 1, v0x55c2fa4e06c0_0, C4<0>, C4<0>, C4<0>;
L_0x55c2fa4eaf60 .functor NOT 1, L_0x55c2fa4eb700, C4<0>, C4<0>, C4<0>;
L_0x55c2fa4eafd0 .functor NAND 1, L_0x55c2fa4eb700, L_0x55c2fa4eaef0, C4<1>, C4<1>;
L_0x55c2fa4eb040 .functor NAND 1, L_0x55c2fa4eaf60, L_0x55c2fa4eaef0, C4<1>, C4<1>;
L_0x55c2fa4eb130 .functor NAND 1, L_0x55c2fa4eafd0, L_0x55c2fa4eb1f0, C4<1>, C4<1>;
L_0x55c2fa4eb1f0 .functor NAND 1, L_0x55c2fa4eb040, L_0x55c2fa4eb130, C4<1>, C4<1>;
L_0x55c2fa4eb350 .functor NAND 1, L_0x55c2fa4eb130, v0x55c2fa4e06c0_0, C4<1>, C4<1>;
L_0x55c2fa4eb3c0 .functor NAND 1, L_0x55c2fa4eb1f0, v0x55c2fa4e06c0_0, C4<1>, C4<1>;
L_0x55c2fa4eb480 .functor NAND 1, L_0x55c2fa4eb350, L_0x55c2fa4eb540, C4<1>, C4<1>;
L_0x55c2fa4eb540 .functor NAND 1, L_0x55c2fa4eb3c0, L_0x55c2fa4eb480, C4<1>, C4<1>;
v0x55c2fa4dbb50_0 .net "clk", 0 0, v0x55c2fa4e06c0_0;  alias, 1 drivers
v0x55c2fa4dbc10_0 .net "clkn", 0 0, L_0x55c2fa4eaef0;  1 drivers
v0x55c2fa4dbcd0_0 .net "d", 0 0, L_0x55c2fa4eb700;  1 drivers
v0x55c2fa4dbd70_0 .net "dc", 0 0, L_0x55c2fa4eafd0;  1 drivers
v0x55c2fa4dbe30_0 .net "dc1", 0 0, L_0x55c2fa4eb350;  1 drivers
v0x55c2fa4dbf40_0 .net "nd", 0 0, L_0x55c2fa4eaf60;  1 drivers
v0x55c2fa4dc000_0 .net "ndc", 0 0, L_0x55c2fa4eb040;  1 drivers
v0x55c2fa4dc0c0_0 .net "ndc1", 0 0, L_0x55c2fa4eb3c0;  1 drivers
v0x55c2fa4dc180_0 .net "q", 0 0, L_0x55c2fa4eb480;  1 drivers
v0x55c2fa4dc2d0_0 .net "q1", 0 0, L_0x55c2fa4eb130;  1 drivers
v0x55c2fa4dc390_0 .net "q1n", 0 0, L_0x55c2fa4eb1f0;  1 drivers
v0x55c2fa4dc450_0 .net "qn", 0 0, L_0x55c2fa4eb540;  1 drivers
S_0x55c2fa4dc590 .scope module, "uff2" "dff" 2 28, 2 1 0, S_0x55c2fa4daab0;
 .timescale 0 0;
    .port_info 0 /INPUT 1 "clk";
    .port_info 1 /INPUT 1 "d";
    .port_info 2 /OUTPUT 1 "q";
L_0x55c2fa4eb7a0 .functor NOT 1, v0x55c2fa4e06c0_0, C4<0>, C4<0>, C4<0>;
L_0x55c2fa4eb810 .functor NOT 1, L_0x55c2fa4ec000, C4<0>, C4<0>, C4<0>;
L_0x55c2fa4eb880 .functor NAND 1, L_0x55c2fa4ec000, L_0x55c2fa4eb7a0, C4<1>, C4<1>;
L_0x55c2fa4eb940 .functor NAND 1, L_0x55c2fa4eb810, L_0x55c2fa4eb7a0, C4<1>, C4<1>;
L_0x55c2fa4eba30 .functor NAND 1, L_0x55c2fa4eb880, L_0x55c2fa4ebaf0, C4<1>, C4<1>;
L_0x55c2fa4ebaf0 .functor NAND 1, L_0x55c2fa4eb940, L_0x55c2fa4eba30, C4<1>, C4<1>;
L_0x55c2fa4ebc50 .functor NAND 1, L_0x55c2fa4eba30, v0x55c2fa4e06c0_0, C4<1>, C4<1>;
L_0x55c2fa4ebcc0 .functor NAND 1, L_0x55c2fa4ebaf0, v0x55c2fa4e06c0_0, C4<1>, C4<1>;
L_0x55c2fa4ebd80 .functor NAND 1, L_0x55c2fa4ebc50, L_0x55c2fa4ebe40, C4<1>, C4<1>;
L_0x55c2fa4ebe40 .functor NAND 1, L_0x55c2fa4ebcc0, L_0x55c2fa4ebd80, C4<1>, C4<1>;
v0x55c2fa4dc770_0 .net "clk", 0 0, v0x55c2fa4e06c0_0;  alias, 1 drivers
v0x55c2fa4dc810_0 .net "clkn", 0 0, L_0x55c2fa4eb7a0;  1 drivers
v0x55c2fa4dc8d0_0 .net "d", 0 0, L_0x55c2fa4ec000;  1 drivers
v0x55c2fa4dc9a0_0 .net "dc", 0 0, L_0x55c2fa4eb880;  1 drivers
v0x55c2fa4dca60_0 .net "dc1", 0 0, L_0x55c2fa4ebc50;  1 drivers
v0x55c2fa4dcb70_0 .net "nd", 0 0, L_0x55c2fa4eb810;  1 drivers
v0x55c2fa4dcc30_0 .net "ndc", 0 0, L_0x55c2fa4eb940;  1 drivers
v0x55c2fa4dccf0_0 .net "ndc1", 0 0, L_0x55c2fa4ebcc0;  1 drivers
v0x55c2fa4dcdb0_0 .net "q", 0 0, L_0x55c2fa4ebd80;  1 drivers
v0x55c2fa4dcf00_0 .net "q1", 0 0, L_0x55c2fa4eba30;  1 drivers
v0x55c2fa4dcfc0_0 .net "q1n", 0 0, L_0x55c2fa4ebaf0;  1 drivers
v0x55c2fa4dd080_0 .net "qn", 0 0, L_0x55c2fa4ebe40;  1 drivers
S_0x55c2fa4dd1c0 .scope module, "uff3" "dff" 2 29, 2 1 0, S_0x55c2fa4daab0;
 .timescale 0 0;
    .port_info 0 /INPUT 1 "clk";
    .port_info 1 /INPUT 1 "d";
    .port_info 2 /OUTPUT 1 "q";
L_0x55c2fa4ec0a0 .functor NOT 1, v0x55c2fa4e06c0_0, C4<0>, C4<0>, C4<0>;
L_0x55c2fa4ec110 .functor NOT 1, L_0x55c2fa4ec8d0, C4<0>, C4<0>, C4<0>;
L_0x55c2fa4ec180 .functor NAND 1, L_0x55c2fa4ec8d0, L_0x55c2fa4ec0a0, C4<1>, C4<1>;
L_0x55c2fa4ec240 .functor NAND 1, L_0x55c2fa4ec110, L_0x55c2fa4ec0a0, C4<1>, C4<1>;
L_0x55c2fa4ec300 .functor NAND 1, L_0x55c2fa4ec180, L_0x55c2fa4ec3c0, C4<1>, C4<1>;
L_0x55c2fa4ec3c0 .functor NAND 1, L_0x55c2fa4ec240, L_0x55c2fa4ec300, C4<1>, C4<1>;
L_0x55c2fa4ec520 .functor NAND 1, L_0x55c2fa4ec300, v0x55c2fa4e06c0_0, C4<1>, C4<1>;
L_0x55c2fa4ec590 .functor NAND 1, L_0x55c2fa4ec3c0, v0x55c2fa4e06c0_0, C4<1>, C4<1>;
L_0x55c2fa4ec650 .functor NAND 1, L_0x55c2fa4ec520, L_0x55c2fa4ec710, C4<1>, C4<1>;
L_0x55c2fa4ec710 .functor NAND 1, L_0x55c2fa4ec590, L_0x55c2fa4ec650, C4<1>, C4<1>;
v0x55c2fa4dd3a0_0 .net "clk", 0 0, v0x55c2fa4e06c0_0;  alias, 1 drivers
v0x55c2fa4dd460_0 .net "clkn", 0 0, L_0x55c2fa4ec0a0;  1 drivers
v0x55c2fa4dd520_0 .net "d", 0 0, L_0x55c2fa4ec8d0;  1 drivers
v0x55c2fa4dd5c0_0 .net "dc", 0 0, L_0x55c2fa4ec180;  1 drivers
v0x55c2fa4dd680_0 .net "dc1", 0 0, L_0x55c2fa4ec520;  1 drivers
v0x55c2fa4dd790_0 .net "nd", 0 0, L_0x55c2fa4ec110;  1 drivers
v0x55c2fa4dd850_0 .net "ndc", 0 0, L_0x55c2fa4ec240;  1 drivers
v0x55c2fa4dd910_0 .net "ndc1", 0 0, L_0x55c2fa4ec590;  1 drivers
v0x55c2fa4dd9d0_0 .net "q", 0 0, L_0x55c2fa4ec650;  1 drivers
v0x55c2fa4ddb20_0 .net "q1", 0 0, L_0x55c2fa4ec300;  1 drivers
v0x55c2fa4ddbe0_0 .net "q1n", 0 0, L_0x55c2fa4ec3c0;  1 drivers
v0x55c2fa4ddca0_0 .net "qn", 0 0, L_0x55c2fa4ec710;  1 drivers
S_0x55c2fa4de090 .scope module, "dff_cin" "dff" 2 100, 2 1 0, S_0x55c2fa4768d0;
 .timescale 0 0;
    .port_info 0 /INPUT 1 "clk";
    .port_info 1 /INPUT 1 "d";
    .port_info 2 /OUTPUT 1 "q";
L_0x55c2fa4e57b0 .functor NOT 1, v0x55c2fa4e06c0_0, C4<0>, C4<0>, C4<0>;
L_0x55c2fa4e5820 .functor NOT 1, v0x55c2fa4e05d0_0, C4<0>, C4<0>, C4<0>;
L_0x55c2fa4e5890 .functor NAND 1, v0x55c2fa4e05d0_0, L_0x55c2fa4e57b0, C4<1>, C4<1>;
L_0x55c2fa4e5990 .functor NAND 1, L_0x55c2fa4e5820, L_0x55c2fa4e57b0, C4<1>, C4<1>;
L_0x55c2fa4e5a30 .functor NAND 1, L_0x55c2fa4e5890, L_0x55c2fa4e5af0, C4<1>, C4<1>;
L_0x55c2fa4e5af0 .functor NAND 1, L_0x55c2fa4e5990, L_0x55c2fa4e5a30, C4<1>, C4<1>;
L_0x55c2fa4e5c50 .functor NAND 1, L_0x55c2fa4e5a30, v0x55c2fa4e06c0_0, C4<1>, C4<1>;
L_0x55c2fa4e5cc0 .functor NAND 1, L_0x55c2fa4e5af0, v0x55c2fa4e06c0_0, C4<1>, C4<1>;
L_0x55c2fa4e5d80 .functor NAND 1, L_0x55c2fa4e5c50, L_0x55c2fa4e5e40, C4<1>, C4<1>;
L_0x55c2fa4e5e40 .functor NAND 1, L_0x55c2fa4e5cc0, L_0x55c2fa4e5d80, C4<1>, C4<1>;
v0x55c2fa4de2c0_0 .net "clk", 0 0, v0x55c2fa4e06c0_0;  alias, 1 drivers
v0x55c2fa4de380_0 .net "clkn", 0 0, L_0x55c2fa4e57b0;  1 drivers
v0x55c2fa4de440_0 .net "d", 0 0, v0x55c2fa4e05d0_0;  alias, 1 drivers
v0x55c2fa4de4e0_0 .net "dc", 0 0, L_0x55c2fa4e5890;  1 drivers
v0x55c2fa4de5a0_0 .net "dc1", 0 0, L_0x55c2fa4e5c50;  1 drivers
v0x55c2fa4de6b0_0 .net "nd", 0 0, L_0x55c2fa4e5820;  1 drivers
v0x55c2fa4de770_0 .net "ndc", 0 0, L_0x55c2fa4e5990;  1 drivers
v0x55c2fa4de830_0 .net "ndc1", 0 0, L_0x55c2fa4e5cc0;  1 drivers
v0x55c2fa4de8f0_0 .net "q", 0 0, L_0x55c2fa4e5d80;  alias, 1 drivers
v0x55c2fa4dea20_0 .net "q1", 0 0, L_0x55c2fa4e5a30;  1 drivers
v0x55c2fa4deac0_0 .net "q1n", 0 0, L_0x55c2fa4e5af0;  1 drivers
v0x55c2fa4deb80_0 .net "qn", 0 0, L_0x55c2fa4e5e40;  1 drivers
S_0x55c2fa4decc0 .scope module, "dff_cout" "dff" 2 120, 2 1 0, S_0x55c2fa4768d0;
 .timescale 0 0;
    .port_info 0 /INPUT 1 "clk";
    .port_info 1 /INPUT 1 "d";
    .port_info 2 /OUTPUT 1 "q";
L_0x55c2fa4eca10 .functor NOT 1, v0x55c2fa4e06c0_0, C4<0>, C4<0>, C4<0>;
L_0x55c2fa4eca80 .functor NOT 1, L_0x55c2fa4e93b0, C4<0>, C4<0>, C4<0>;
L_0x55c2fa4ecaf0 .functor NAND 1, L_0x55c2fa4e93b0, L_0x55c2fa4eca10, C4<1>, C4<1>;
L_0x55c2fa4ecb60 .functor NAND 1, L_0x55c2fa4eca80, L_0x55c2fa4eca10, C4<1>, C4<1>;
L_0x55c2fa4ecc00 .functor NAND 1, L_0x55c2fa4ecaf0, L_0x55c2fa4eccc0, C4<1>, C4<1>;
L_0x55c2fa4eccc0 .functor NAND 1, L_0x55c2fa4ecb60, L_0x55c2fa4ecc00, C4<1>, C4<1>;
L_0x55c2fa4ece20 .functor NAND 1, L_0x55c2fa4ecc00, v0x55c2fa4e06c0_0, C4<1>, C4<1>;
L_0x55c2fa4ece90 .functor NAND 1, L_0x55c2fa4eccc0, v0x55c2fa4e06c0_0, C4<1>, C4<1>;
L_0x55c2fa4ecf50 .functor NAND 1, L_0x55c2fa4ece20, L_0x55c2fa4ed010, C4<1>, C4<1>;
L_0x55c2fa4ed010 .functor NAND 1, L_0x55c2fa4ece90, L_0x55c2fa4ecf50, C4<1>, C4<1>;
v0x55c2fa4deea0_0 .net "clk", 0 0, v0x55c2fa4e06c0_0;  alias, 1 drivers
v0x55c2fa4def60_0 .net "clkn", 0 0, L_0x55c2fa4eca10;  1 drivers
v0x55c2fa4df020_0 .net "d", 0 0, L_0x55c2fa4e93b0;  alias, 1 drivers
v0x55c2fa4df120_0 .net "dc", 0 0, L_0x55c2fa4ecaf0;  1 drivers
v0x55c2fa4df1c0_0 .net "dc1", 0 0, L_0x55c2fa4ece20;  1 drivers
v0x55c2fa4df2b0_0 .net "nd", 0 0, L_0x55c2fa4eca80;  1 drivers
v0x55c2fa4df370_0 .net "ndc", 0 0, L_0x55c2fa4ecb60;  1 drivers
v0x55c2fa4df430_0 .net "ndc1", 0 0, L_0x55c2fa4ece90;  1 drivers
v0x55c2fa4df4f0_0 .net "q", 0 0, L_0x55c2fa4ecf50;  alias, 1 drivers
v0x55c2fa4df640_0 .net "q1", 0 0, L_0x55c2fa4ecc00;  1 drivers
v0x55c2fa4df700_0 .net "q1n", 0 0, L_0x55c2fa4eccc0;  1 drivers
v0x55c2fa4df7c0_0 .net "qn", 0 0, L_0x55c2fa4ed010;  1 drivers
    .scope S_0x55c2fa476740;
T_0 ;
    %pushi/vec4 0, 0, 1;
    %store/vec4 v0x55c2fa4e06c0_0, 0, 1;
T_0.0 ;
    %delay 5, 0;
    %load/vec4 v0x55c2fa4e06c0_0;
    %inv;
    %store/vec4 v0x55c2fa4e06c0_0, 0, 1;
    %jmp T_0.0;
    %end;
    .thread T_0;
    .scope S_0x55c2fa476740;
T_1 ;
    %pushi/vec4 0, 0, 4;
    %store/vec4 v0x55c2fa4e02a0_0, 0, 4;
    %pushi/vec4 0, 0, 4;
    %store/vec4 v0x55c2fa4e03d0_0, 0, 4;
    %pushi/vec4 0, 0, 1;
    %store/vec4 v0x55c2fa4e05d0_0, 0, 1;
    %delay 100, 0;
    %pushi/vec4 0, 0, 32;
    %store/vec4 v0x55c2fa4e08a0_0, 0, 32;
T_1.0 ;
    %load/vec4 v0x55c2fa4e08a0_0;
    %cmpi/s 20, 0, 32;
    %jmp/0xz T_1.1, 5;
    %vpi_func 2 170 "$random" 32 {0 0 0};
    %pushi/vec4 16, 0, 32;
    %mod/s;
    %pad/s 4;
    %store/vec4 v0x55c2fa4e02a0_0, 0, 4;
    %vpi_func 2 171 "$random" 32 {0 0 0};
    %pushi/vec4 16, 0, 32;
    %mod/s;
    %pad/s 4;
    %store/vec4 v0x55c2fa4e03d0_0, 0, 4;
    %vpi_func 2 172 "$random" 32 {0 0 0};
    %pushi/vec4 2, 0, 32;
    %mod/s;
    %pad/s 1;
    %store/vec4 v0x55c2fa4e05d0_0, 0, 1;
    %delay 30, 0;
    %vpi_call 2 178 "$display", "Time=%0t | A=%0d B=%0d cin=%0d | S=%0d cout=%0d", $time, v0x55c2fa4e02a0_0, v0x55c2fa4e03d0_0, v0x55c2fa4e05d0_0, v0x55c2fa4e04e0_0, v0x55c2fa4e07b0_0 {0 0 0};
    %load/vec4 v0x55c2fa4e08a0_0;
    %addi 1, 0, 32;
    %store/vec4 v0x55c2fa4e08a0_0, 0, 32;
    %jmp T_1.0;
T_1.1 ;
    %delay 100, 0;
    %vpi_call 2 183 "$finish" {0 0 0};
    %vpi_call 2 184 "$stop" {0 0 0};
    %end;
    .thread T_1;
    .scope S_0x55c2fa476740;
T_2 ;
    %vpi_call 2 189 "$dumpfile", "fcla.vcd" {0 0 0};
    %vpi_call 2 190 "$dumpvars", 32'sb00000000000000000000000000000000, S_0x55c2fa476740 {0 0 0};
    %end;
    .thread T_2;
# The file index is used to find the file name in the following table.
:file_names 3;
    "N/A";
    "<interactive>";
    "cla.v";
