#! /usr/bin/vvp
:ivl_version "12.0 (stable)";
:ivl_delay_selection "TYPICAL";
:vpi_time_precision + 0;
:vpi_module "/usr/lib/x86_64-linux-gnu/ivl/system.vpi";
:vpi_module "/usr/lib/x86_64-linux-gnu/ivl/vhdl_sys.vpi";
:vpi_module "/usr/lib/x86_64-linux-gnu/ivl/vhdl_textio.vpi";
:vpi_module "/usr/lib/x86_64-linux-gnu/ivl/v2005_math.vpi";
:vpi_module "/usr/lib/x86_64-linux-gnu/ivl/va_math.vpi";
S_0x565317ab5780 .scope module, "tb_fcla" "tb_fcla" 2 3;
 .timescale 0 0;
v0x565317b23630_0 .var "A", 3 0;
v0x565317b23760_0 .var "B", 3 0;
v0x565317b23870_0 .net "S", 3 0, L_0x565317b2fc20;  1 drivers
v0x565317b23960_0 .var "cin", 0 0;
v0x565317b23a50_0 .var "clk", 0 0;
v0x565317b23b40_0 .net "cout", 0 0, L_0x565317b30200;  1 drivers
S_0x565317ab5910 .scope module, "uut" "fcla" 2 12, 3 76 0, S_0x565317ab5780;
 .timescale 0 0;
    .port_info 0 /INPUT 4 "A";
    .port_info 1 /INPUT 4 "B";
    .port_info 2 /INPUT 1 "cin";
    .port_info 3 /OUTPUT 4 "S";
    .port_info 4 /OUTPUT 1 "cout";
    .port_info 5 /INPUT 1 "clk";
v0x565317b22c90_0 .net "A", 3 0, v0x565317b23630_0;  1 drivers
v0x565317b22d50_0 .net "A_reg", 3 0, L_0x565317b26130;  1 drivers
v0x565317b22df0_0 .net "B", 3 0, v0x565317b23760_0;  1 drivers
v0x565317b22ec0_0 .net "B_reg", 3 0, L_0x565317b289c0;  1 drivers
v0x565317b22fb0_0 .net "S", 3 0, L_0x565317b2fc20;  alias, 1 drivers
v0x565317b230c0_0 .net "S_int", 3 0, L_0x565317b2d190;  1 drivers
v0x565317b231b0_0 .net "cin", 0 0, v0x565317b23960_0;  1 drivers
v0x565317b23250_0 .net "cin_reg", 0 0, L_0x565317b29030;  1 drivers
v0x565317b23340_0 .net "clk", 0 0, v0x565317b23a50_0;  1 drivers
v0x565317b23470_0 .net "cout", 0 0, L_0x565317b30200;  alias, 1 drivers
v0x565317b23510_0 .net "cout_int", 0 0, L_0x565317b2c660;  1 drivers
S_0x565317ac02e0 .scope module, "cla_inst" "cla" 3 107, 3 34 0, S_0x565317ab5910;
 .timescale 0 0;
    .port_info 0 /INPUT 4 "A";
    .port_info 1 /INPUT 4 "B";
    .port_info 2 /INPUT 1 "cin";
    .port_info 3 /OUTPUT 4 "S";
    .port_info 4 /OUTPUT 1 "cout";
L_0x565317b292f0 .functor AND 1, L_0x565317b29360, L_0x565317b29490, C4<1>, C4<1>;
L_0x565317b295c0 .functor AND 1, L_0x565317b29630, L_0x565317b296d0, C4<1>, C4<1>;
L_0x565317b297a0 .functor AND 1, L_0x565317b29810, L_0x565317b29900, C4<1>, C4<1>;
L_0x565317b29b80 .functor AND 1, L_0x565317b29c70, L_0x565317b29db0, C4<1>, C4<1>;
L_0x565317b29ea0 .functor XOR 1, L_0x565317b29f10, L_0x565317b2a060, C4<0>, C4<0>;
L_0x565317b2a210 .functor XOR 1, L_0x565317b2a280, L_0x565317b2a3e0, C4<0>, C4<0>;
L_0x565317b2a4d0 .functor XOR 1, L_0x565317b2a540, L_0x565317b2a6b0, C4<0>, C4<0>;
L_0x565317b2a370 .functor XOR 1, L_0x565317b2aa60, L_0x565317b2ab50, C4<0>, C4<0>;
L_0x565317b2ace0 .functor AND 1, L_0x565317b2ad50, L_0x565317b29030, C4<1>, C4<1>;
L_0x565317b2ae90 .functor OR 1, L_0x565317b2af60, L_0x565317b2ac40, C4<0>, C4<0>;
L_0x565317b2b150 .functor AND 1, L_0x565317b2b1c0, L_0x565317b2b370, C4<1>, C4<1>;
L_0x565317b2b460 .functor OR 1, L_0x565317b2b570, L_0x565317b2b780, C4<0>, C4<0>;
L_0x565317b2ba90 .functor AND 1, L_0x565317b2bb50, L_0x565317b2bc40, C4<1>, C4<1>;
L_0x565317b2bf60 .functor OR 1, L_0x565317b2c0a0, L_0x565317b2c290, C4<0>, C4<0>;
L_0x565317b2b500 .functor AND 1, L_0x565317b2c330, L_0x565317b2c4e0, C4<1>, C4<1>;
L_0x565317b2c660 .functor OR 1, L_0x565317b2b500, L_0x565317b2c760, C4<0>, C4<0>;
L_0x565317b2c970 .functor XOR 1, L_0x565317b2c9e0, L_0x565317b29030, C4<0>, C4<0>;
L_0x565317b2cad0 .functor XOR 1, L_0x565317b2cbe0, L_0x565317b2c850, C4<0>, C4<0>;
L_0x565317b2ce00 .functor XOR 1, L_0x565317b2ce70, L_0x565317b2d0a0, C4<0>, C4<0>;
L_0x565317b2d470 .functor XOR 1, L_0x565317b2cb40, L_0x565317b2d630, C4<0>, C4<0>;
v0x565317abc880_0 .net "A", 3 0, L_0x565317b26130;  alias, 1 drivers
v0x565317b13510_0 .net "B", 3 0, L_0x565317b289c0;  alias, 1 drivers
v0x565317b135f0_0 .net "C", 3 1, L_0x565317b2be20;  1 drivers
v0x565317b136b0_0 .net "G", 3 0, L_0x565317b299f0;  1 drivers
v0x565317b13790_0 .net "K", 3 1, L_0x565317b2b870;  1 drivers
v0x565317b138c0_0 .net "P", 3 0, L_0x565317b2a7a0;  1 drivers
v0x565317b139a0_0 .net "S", 3 0, L_0x565317b2d190;  alias, 1 drivers
v0x565317b13a80_0 .net *"_ivl_1", 0 0, L_0x565317b292f0;  1 drivers
v0x565317b13b60_0 .net *"_ivl_102", 0 0, L_0x565317b2c330;  1 drivers
v0x565317b13c40_0 .net *"_ivl_104", 0 0, L_0x565317b2c4e0;  1 drivers
v0x565317b13d20_0 .net *"_ivl_107", 0 0, L_0x565317b2c760;  1 drivers
v0x565317b13e00_0 .net *"_ivl_109", 0 0, L_0x565317b2c970;  1 drivers
v0x565317b13ee0_0 .net *"_ivl_11", 0 0, L_0x565317b29630;  1 drivers
v0x565317b13fc0_0 .net *"_ivl_112", 0 0, L_0x565317b2c9e0;  1 drivers
v0x565317b140a0_0 .net *"_ivl_114", 0 0, L_0x565317b2cad0;  1 drivers
v0x565317b14180_0 .net *"_ivl_117", 0 0, L_0x565317b2cbe0;  1 drivers
v0x565317b14260_0 .net *"_ivl_119", 0 0, L_0x565317b2c850;  1 drivers
v0x565317b14340_0 .net *"_ivl_121", 0 0, L_0x565317b2ce00;  1 drivers
v0x565317b14420_0 .net *"_ivl_124", 0 0, L_0x565317b2ce70;  1 drivers
v0x565317b14500_0 .net *"_ivl_126", 0 0, L_0x565317b2d0a0;  1 drivers
v0x565317b145e0_0 .net *"_ivl_128", 0 0, L_0x565317b2d470;  1 drivers
v0x565317b146c0_0 .net *"_ivl_13", 0 0, L_0x565317b296d0;  1 drivers
v0x565317b147a0_0 .net *"_ivl_132", 0 0, L_0x565317b2cb40;  1 drivers
v0x565317b14880_0 .net *"_ivl_134", 0 0, L_0x565317b2d630;  1 drivers
v0x565317b14960_0 .net *"_ivl_15", 0 0, L_0x565317b297a0;  1 drivers
v0x565317b14a40_0 .net *"_ivl_18", 0 0, L_0x565317b29810;  1 drivers
v0x565317b14b20_0 .net *"_ivl_20", 0 0, L_0x565317b29900;  1 drivers
v0x565317b14c00_0 .net *"_ivl_22", 0 0, L_0x565317b29b80;  1 drivers
v0x565317b14ce0_0 .net *"_ivl_26", 0 0, L_0x565317b29c70;  1 drivers
v0x565317b14dc0_0 .net *"_ivl_28", 0 0, L_0x565317b29db0;  1 drivers
v0x565317b14ea0_0 .net *"_ivl_30", 0 0, L_0x565317b29ea0;  1 drivers
v0x565317b14f80_0 .net *"_ivl_33", 0 0, L_0x565317b29f10;  1 drivers
v0x565317b15060_0 .net *"_ivl_35", 0 0, L_0x565317b2a060;  1 drivers
v0x565317b15350_0 .net *"_ivl_37", 0 0, L_0x565317b2a210;  1 drivers
v0x565317b15430_0 .net *"_ivl_4", 0 0, L_0x565317b29360;  1 drivers
v0x565317b15510_0 .net *"_ivl_40", 0 0, L_0x565317b2a280;  1 drivers
v0x565317b155f0_0 .net *"_ivl_42", 0 0, L_0x565317b2a3e0;  1 drivers
v0x565317b156d0_0 .net *"_ivl_44", 0 0, L_0x565317b2a4d0;  1 drivers
v0x565317b157b0_0 .net *"_ivl_47", 0 0, L_0x565317b2a540;  1 drivers
v0x565317b15890_0 .net *"_ivl_49", 0 0, L_0x565317b2a6b0;  1 drivers
v0x565317b15970_0 .net *"_ivl_51", 0 0, L_0x565317b2a370;  1 drivers
v0x565317b15a50_0 .net *"_ivl_55", 0 0, L_0x565317b2aa60;  1 drivers
v0x565317b15b30_0 .net *"_ivl_57", 0 0, L_0x565317b2ab50;  1 drivers
v0x565317b15c10_0 .net *"_ivl_59", 0 0, L_0x565317b2ace0;  1 drivers
v0x565317b15cf0_0 .net *"_ivl_6", 0 0, L_0x565317b29490;  1 drivers
v0x565317b15dd0_0 .net *"_ivl_62", 0 0, L_0x565317b2ad50;  1 drivers
v0x565317b15eb0_0 .net *"_ivl_64", 0 0, L_0x565317b2ae90;  1 drivers
v0x565317b15f90_0 .net *"_ivl_67", 0 0, L_0x565317b2af60;  1 drivers
v0x565317b16070_0 .net *"_ivl_69", 0 0, L_0x565317b2ac40;  1 drivers
v0x565317b16150_0 .net *"_ivl_71", 0 0, L_0x565317b2b150;  1 drivers
v0x565317b16230_0 .net *"_ivl_74", 0 0, L_0x565317b2b1c0;  1 drivers
v0x565317b16310_0 .net *"_ivl_76", 0 0, L_0x565317b2b370;  1 drivers
v0x565317b163f0_0 .net *"_ivl_78", 0 0, L_0x565317b2b460;  1 drivers
v0x565317b164d0_0 .net *"_ivl_8", 0 0, L_0x565317b295c0;  1 drivers
v0x565317b165b0_0 .net *"_ivl_81", 0 0, L_0x565317b2b570;  1 drivers
v0x565317b16690_0 .net *"_ivl_83", 0 0, L_0x565317b2b780;  1 drivers
v0x565317b16770_0 .net *"_ivl_85", 0 0, L_0x565317b2ba90;  1 drivers
v0x565317b16850_0 .net *"_ivl_89", 0 0, L_0x565317b2bb50;  1 drivers
v0x565317b16930_0 .net *"_ivl_91", 0 0, L_0x565317b2bc40;  1 drivers
v0x565317b16a10_0 .net *"_ivl_93", 0 0, L_0x565317b2bf60;  1 drivers
v0x565317b16af0_0 .net *"_ivl_97", 0 0, L_0x565317b2c0a0;  1 drivers
v0x565317b16bd0_0 .net *"_ivl_99", 0 0, L_0x565317b2c290;  1 drivers
v0x565317b16cb0_0 .net "cin", 0 0, L_0x565317b29030;  alias, 1 drivers
v0x565317b16d70_0 .net "cout", 0 0, L_0x565317b2c660;  alias, 1 drivers
v0x565317b16e30_0 .net "cout1", 0 0, L_0x565317b2b500;  1 drivers
L_0x565317b29360 .part L_0x565317b26130, 0, 1;
L_0x565317b29490 .part L_0x565317b289c0, 0, 1;
L_0x565317b29630 .part L_0x565317b26130, 1, 1;
L_0x565317b296d0 .part L_0x565317b289c0, 1, 1;
L_0x565317b29810 .part L_0x565317b26130, 2, 1;
L_0x565317b29900 .part L_0x565317b289c0, 2, 1;
L_0x565317b299f0 .concat8 [ 1 1 1 1], L_0x565317b292f0, L_0x565317b295c0, L_0x565317b297a0, L_0x565317b29b80;
L_0x565317b29c70 .part L_0x565317b26130, 3, 1;
L_0x565317b29db0 .part L_0x565317b289c0, 3, 1;
L_0x565317b29f10 .part L_0x565317b26130, 0, 1;
L_0x565317b2a060 .part L_0x565317b289c0, 0, 1;
L_0x565317b2a280 .part L_0x565317b26130, 1, 1;
L_0x565317b2a3e0 .part L_0x565317b289c0, 1, 1;
L_0x565317b2a540 .part L_0x565317b26130, 2, 1;
L_0x565317b2a6b0 .part L_0x565317b289c0, 2, 1;
L_0x565317b2a7a0 .concat8 [ 1 1 1 1], L_0x565317b29ea0, L_0x565317b2a210, L_0x565317b2a4d0, L_0x565317b2a370;
L_0x565317b2aa60 .part L_0x565317b26130, 3, 1;
L_0x565317b2ab50 .part L_0x565317b289c0, 3, 1;
L_0x565317b2ad50 .part L_0x565317b2a7a0, 0, 1;
L_0x565317b2af60 .part L_0x565317b2b870, 0, 1;
L_0x565317b2ac40 .part L_0x565317b299f0, 0, 1;
L_0x565317b2b1c0 .part L_0x565317b2a7a0, 1, 1;
L_0x565317b2b370 .part L_0x565317b2be20, 0, 1;
L_0x565317b2b570 .part L_0x565317b2b870, 1, 1;
L_0x565317b2b780 .part L_0x565317b299f0, 1, 1;
L_0x565317b2b870 .concat8 [ 1 1 1 0], L_0x565317b2ace0, L_0x565317b2b150, L_0x565317b2ba90;
L_0x565317b2bb50 .part L_0x565317b2a7a0, 2, 1;
L_0x565317b2bc40 .part L_0x565317b2be20, 1, 1;
L_0x565317b2be20 .concat8 [ 1 1 1 0], L_0x565317b2ae90, L_0x565317b2b460, L_0x565317b2bf60;
L_0x565317b2c0a0 .part L_0x565317b2b870, 2, 1;
L_0x565317b2c290 .part L_0x565317b299f0, 2, 1;
L_0x565317b2c330 .part L_0x565317b2a7a0, 3, 1;
L_0x565317b2c4e0 .part L_0x565317b2be20, 2, 1;
L_0x565317b2c760 .part L_0x565317b299f0, 3, 1;
L_0x565317b2c9e0 .part L_0x565317b2a7a0, 0, 1;
L_0x565317b2cbe0 .part L_0x565317b2a7a0, 1, 1;
L_0x565317b2c850 .part L_0x565317b2be20, 0, 1;
L_0x565317b2ce70 .part L_0x565317b2a7a0, 2, 1;
L_0x565317b2d0a0 .part L_0x565317b2be20, 1, 1;
L_0x565317b2d190 .concat8 [ 1 1 1 1], L_0x565317b2c970, L_0x565317b2cad0, L_0x565317b2ce00, L_0x565317b2d470;
L_0x565317b2cb40 .part L_0x565317b2a7a0, 3, 1;
L_0x565317b2d630 .part L_0x565317b2be20, 2, 1;
S_0x565317b173a0 .scope module, "dff_A" "dff4" 3 89, 3 21 0, S_0x565317ab5910;
 .timescale 0 0;
    .port_info 0 /INPUT 1 "clk";
    .port_info 1 /INPUT 4 "d";
    .port_info 2 /OUTPUT 4 "q";
v0x565317b1a650_0 .net "clk", 0 0, v0x565317b23a50_0;  alias, 1 drivers
v0x565317b1a780_0 .net "d", 3 0, v0x565317b23630_0;  alias, 1 drivers
v0x565317b1a860_0 .net "q", 3 0, L_0x565317b26130;  alias, 1 drivers
L_0x565317b24560 .part v0x565317b23630_0, 0, 1;
L_0x565317b24e70 .part v0x565317b23630_0, 1, 1;
L_0x565317b257c0 .part v0x565317b23630_0, 2, 1;
L_0x565317b26090 .part v0x565317b23630_0, 3, 1;
L_0x565317b26130 .concat8 [ 1 1 1 1], L_0x565317b242e0, L_0x565317b24bf0, L_0x565317b25540, L_0x565317b25e10;
S_0x565317b175a0 .scope module, "uff0" "dff" 3 27, 3 2 0, S_0x565317b173a0;
 .timescale 0 0;
    .port_info 0 /INPUT 1 "clk";
    .port_info 1 /INPUT 1 "d";
    .port_info 2 /OUTPUT 1 "q";
L_0x565317b23c30 .functor NOT 1, v0x565317b23a50_0, C4<0>, C4<0>, C4<0>;
L_0x565317b23cc0 .functor NOT 1, L_0x565317b24560, C4<0>, C4<0>, C4<0>;
L_0x565317b23d50 .functor NAND 1, L_0x565317b24560, L_0x565317b23c30, C4<1>, C4<1>;
L_0x565317b23e60 .functor NAND 1, L_0x565317b23cc0, L_0x565317b23c30, C4<1>, C4<1>;
L_0x565317b23f50 .functor NAND 1, L_0x565317b23d50, L_0x565317b24010, C4<1>, C4<1>;
L_0x565317b24010 .functor NAND 1, L_0x565317b23e60, L_0x565317b23f50, C4<1>, C4<1>;
L_0x565317b241b0 .functor NAND 1, L_0x565317b23f50, v0x565317b23a50_0, C4<1>, C4<1>;
L_0x565317b24220 .functor NAND 1, L_0x565317b24010, v0x565317b23a50_0, C4<1>, C4<1>;
L_0x565317b242e0 .functor NAND 1, L_0x565317b241b0, L_0x565317b243a0, C4<1>, C4<1>;
L_0x565317b243a0 .functor NAND 1, L_0x565317b24220, L_0x565317b242e0, C4<1>, C4<1>;
v0x565317b17810_0 .net "clk", 0 0, v0x565317b23a50_0;  alias, 1 drivers
v0x565317b178f0_0 .net "clkn", 0 0, L_0x565317b23c30;  1 drivers
v0x565317b179b0_0 .net "d", 0 0, L_0x565317b24560;  1 drivers
v0x565317b17a50_0 .net "dc", 0 0, L_0x565317b23d50;  1 drivers
v0x565317b17b10_0 .net "dc1", 0 0, L_0x565317b241b0;  1 drivers
v0x565317b17c20_0 .net "nd", 0 0, L_0x565317b23cc0;  1 drivers
v0x565317b17ce0_0 .net "ndc", 0 0, L_0x565317b23e60;  1 drivers
v0x565317b17da0_0 .net "ndc1", 0 0, L_0x565317b24220;  1 drivers
v0x565317b17e60_0 .net "q", 0 0, L_0x565317b242e0;  1 drivers
v0x565317b17f20_0 .net "q1", 0 0, L_0x565317b23f50;  1 drivers
v0x565317b17fe0_0 .net "q1n", 0 0, L_0x565317b24010;  1 drivers
v0x565317b180a0_0 .net "qn", 0 0, L_0x565317b243a0;  1 drivers
S_0x565317b181e0 .scope module, "uff1" "dff" 3 28, 3 2 0, S_0x565317b173a0;
 .timescale 0 0;
    .port_info 0 /INPUT 1 "clk";
    .port_info 1 /INPUT 1 "d";
    .port_info 2 /OUTPUT 1 "q";
L_0x565317b24600 .functor NOT 1, v0x565317b23a50_0, C4<0>, C4<0>, C4<0>;
L_0x565317b24670 .functor NOT 1, L_0x565317b24e70, C4<0>, C4<0>, C4<0>;
L_0x565317b246e0 .functor NAND 1, L_0x565317b24e70, L_0x565317b24600, C4<1>, C4<1>;
L_0x565317b247a0 .functor NAND 1, L_0x565317b24670, L_0x565317b24600, C4<1>, C4<1>;
L_0x565317b24860 .functor NAND 1, L_0x565317b246e0, L_0x565317b24920, C4<1>, C4<1>;
L_0x565317b24920 .functor NAND 1, L_0x565317b247a0, L_0x565317b24860, C4<1>, C4<1>;
L_0x565317b24ac0 .functor NAND 1, L_0x565317b24860, v0x565317b23a50_0, C4<1>, C4<1>;
L_0x565317b24b30 .functor NAND 1, L_0x565317b24920, v0x565317b23a50_0, C4<1>, C4<1>;
L_0x565317b24bf0 .functor NAND 1, L_0x565317b24ac0, L_0x565317b24cb0, C4<1>, C4<1>;
L_0x565317b24cb0 .functor NAND 1, L_0x565317b24b30, L_0x565317b24bf0, C4<1>, C4<1>;
v0x565317b183c0_0 .net "clk", 0 0, v0x565317b23a50_0;  alias, 1 drivers
v0x565317b18480_0 .net "clkn", 0 0, L_0x565317b24600;  1 drivers
v0x565317b18520_0 .net "d", 0 0, L_0x565317b24e70;  1 drivers
v0x565317b185c0_0 .net "dc", 0 0, L_0x565317b246e0;  1 drivers
v0x565317b18680_0 .net "dc1", 0 0, L_0x565317b24ac0;  1 drivers
v0x565317b18790_0 .net "nd", 0 0, L_0x565317b24670;  1 drivers
v0x565317b18850_0 .net "ndc", 0 0, L_0x565317b247a0;  1 drivers
v0x565317b18910_0 .net "ndc1", 0 0, L_0x565317b24b30;  1 drivers
v0x565317b189d0_0 .net "q", 0 0, L_0x565317b24bf0;  1 drivers
v0x565317b18b20_0 .net "q1", 0 0, L_0x565317b24860;  1 drivers
v0x565317b18be0_0 .net "q1n", 0 0, L_0x565317b24920;  1 drivers
v0x565317b18ca0_0 .net "qn", 0 0, L_0x565317b24cb0;  1 drivers
S_0x565317b18de0 .scope module, "uff2" "dff" 3 29, 3 2 0, S_0x565317b173a0;
 .timescale 0 0;
    .port_info 0 /INPUT 1 "clk";
    .port_info 1 /INPUT 1 "d";
    .port_info 2 /OUTPUT 1 "q";
L_0x565317b24fa0 .functor NOT 1, v0x565317b23a50_0, C4<0>, C4<0>, C4<0>;
L_0x565317b25010 .functor NOT 1, L_0x565317b257c0, C4<0>, C4<0>, C4<0>;
L_0x565317b25080 .functor NAND 1, L_0x565317b257c0, L_0x565317b24fa0, C4<1>, C4<1>;
L_0x565317b250f0 .functor NAND 1, L_0x565317b25010, L_0x565317b24fa0, C4<1>, C4<1>;
L_0x565317b251b0 .functor NAND 1, L_0x565317b25080, L_0x565317b25270, C4<1>, C4<1>;
L_0x565317b25270 .functor NAND 1, L_0x565317b250f0, L_0x565317b251b0, C4<1>, C4<1>;
L_0x565317b25410 .functor NAND 1, L_0x565317b251b0, v0x565317b23a50_0, C4<1>, C4<1>;
L_0x565317b25480 .functor NAND 1, L_0x565317b25270, v0x565317b23a50_0, C4<1>, C4<1>;
L_0x565317b25540 .functor NAND 1, L_0x565317b25410, L_0x565317b25600, C4<1>, C4<1>;
L_0x565317b25600 .functor NAND 1, L_0x565317b25480, L_0x565317b25540, C4<1>, C4<1>;
v0x565317b18fc0_0 .net "clk", 0 0, v0x565317b23a50_0;  alias, 1 drivers
v0x565317b190b0_0 .net "clkn", 0 0, L_0x565317b24fa0;  1 drivers
v0x565317b19170_0 .net "d", 0 0, L_0x565317b257c0;  1 drivers
v0x565317b19210_0 .net "dc", 0 0, L_0x565317b25080;  1 drivers
v0x565317b192d0_0 .net "dc1", 0 0, L_0x565317b25410;  1 drivers
v0x565317b193e0_0 .net "nd", 0 0, L_0x565317b25010;  1 drivers
v0x565317b194a0_0 .net "ndc", 0 0, L_0x565317b250f0;  1 drivers
v0x565317b19560_0 .net "ndc1", 0 0, L_0x565317b25480;  1 drivers
v0x565317b19620_0 .net "q", 0 0, L_0x565317b25540;  1 drivers
v0x565317b19770_0 .net "q1", 0 0, L_0x565317b251b0;  1 drivers
v0x565317b19830_0 .net "q1n", 0 0, L_0x565317b25270;  1 drivers
v0x565317b198f0_0 .net "qn", 0 0, L_0x565317b25600;  1 drivers
S_0x565317b19a30 .scope module, "uff3" "dff" 3 30, 3 2 0, S_0x565317b173a0;
 .timescale 0 0;
    .port_info 0 /INPUT 1 "clk";
    .port_info 1 /INPUT 1 "d";
    .port_info 2 /OUTPUT 1 "q";
L_0x565317b25860 .functor NOT 1, v0x565317b23a50_0, C4<0>, C4<0>, C4<0>;
L_0x565317b258d0 .functor NOT 1, L_0x565317b26090, C4<0>, C4<0>, C4<0>;
L_0x565317b25940 .functor NAND 1, L_0x565317b26090, L_0x565317b25860, C4<1>, C4<1>;
L_0x565317b25a00 .functor NAND 1, L_0x565317b258d0, L_0x565317b25860, C4<1>, C4<1>;
L_0x565317b25ac0 .functor NAND 1, L_0x565317b25940, L_0x565317b25b80, C4<1>, C4<1>;
L_0x565317b25b80 .functor NAND 1, L_0x565317b25a00, L_0x565317b25ac0, C4<1>, C4<1>;
L_0x565317b25ce0 .functor NAND 1, L_0x565317b25ac0, v0x565317b23a50_0, C4<1>, C4<1>;
L_0x565317b25d50 .functor NAND 1, L_0x565317b25b80, v0x565317b23a50_0, C4<1>, C4<1>;
L_0x565317b25e10 .functor NAND 1, L_0x565317b25ce0, L_0x565317b25ed0, C4<1>, C4<1>;
L_0x565317b25ed0 .functor NAND 1, L_0x565317b25d50, L_0x565317b25e10, C4<1>, C4<1>;
v0x565317b19c10_0 .net "clk", 0 0, v0x565317b23a50_0;  alias, 1 drivers
v0x565317b19cd0_0 .net "clkn", 0 0, L_0x565317b25860;  1 drivers
v0x565317b19d90_0 .net "d", 0 0, L_0x565317b26090;  1 drivers
v0x565317b19e30_0 .net "dc", 0 0, L_0x565317b25940;  1 drivers
v0x565317b19ef0_0 .net "dc1", 0 0, L_0x565317b25ce0;  1 drivers
v0x565317b1a000_0 .net "nd", 0 0, L_0x565317b258d0;  1 drivers
v0x565317b1a0c0_0 .net "ndc", 0 0, L_0x565317b25a00;  1 drivers
v0x565317b1a180_0 .net "ndc1", 0 0, L_0x565317b25d50;  1 drivers
v0x565317b1a240_0 .net "q", 0 0, L_0x565317b25e10;  1 drivers
v0x565317b1a390_0 .net "q1", 0 0, L_0x565317b25ac0;  1 drivers
v0x565317b1a450_0 .net "q1n", 0 0, L_0x565317b25b80;  1 drivers
v0x565317b1a510_0 .net "qn", 0 0, L_0x565317b25ed0;  1 drivers
S_0x565317b1a960 .scope module, "dff_B" "dff4" 3 95, 3 21 0, S_0x565317ab5910;
 .timescale 0 0;
    .port_info 0 /INPUT 1 "clk";
    .port_info 1 /INPUT 4 "d";
    .port_info 2 /OUTPUT 4 "q";
v0x565317b1db90_0 .net "clk", 0 0, v0x565317b23a50_0;  alias, 1 drivers
v0x565317b1dc30_0 .net "d", 3 0, v0x565317b23760_0;  alias, 1 drivers
v0x565317b1dd10_0 .net "q", 3 0, L_0x565317b289c0;  alias, 1 drivers
L_0x565317b26e40 .part v0x565317b23760_0, 0, 1;
L_0x565317b27740 .part v0x565317b23760_0, 1, 1;
L_0x565317b28050 .part v0x565317b23760_0, 2, 1;
L_0x565317b28920 .part v0x565317b23760_0, 3, 1;
L_0x565317b289c0 .concat8 [ 1 1 1 1], L_0x565317b26bc0, L_0x565317b274c0, L_0x565317b27dd0, L_0x565317b286a0;
S_0x565317b1aaf0 .scope module, "uff0" "dff" 3 27, 3 2 0, S_0x565317b1a960;
 .timescale 0 0;
    .port_info 0 /INPUT 1 "clk";
    .port_info 1 /INPUT 1 "d";
    .port_info 2 /OUTPUT 1 "q";
L_0x565317b261d0 .functor NOT 1, v0x565317b23a50_0, C4<0>, C4<0>, C4<0>;
L_0x565317b26240 .functor NOT 1, L_0x565317b26e40, C4<0>, C4<0>, C4<0>;
L_0x565317b262b0 .functor NAND 1, L_0x565317b26e40, L_0x565317b261d0, C4<1>, C4<1>;
L_0x565317b26370 .functor NAND 1, L_0x565317b26240, L_0x565317b261d0, C4<1>, C4<1>;
L_0x565317b26460 .functor NAND 1, L_0x565317b262b0, L_0x565317b26520, C4<1>, C4<1>;
L_0x565317b26520 .functor NAND 1, L_0x565317b26370, L_0x565317b26460, C4<1>, C4<1>;
L_0x565317b26680 .functor NAND 1, L_0x565317b26460, v0x565317b23a50_0, C4<1>, C4<1>;
L_0x565317b26b00 .functor NAND 1, L_0x565317b26520, v0x565317b23a50_0, C4<1>, C4<1>;
L_0x565317b26bc0 .functor NAND 1, L_0x565317b26680, L_0x565317b26c80, C4<1>, C4<1>;
L_0x565317b26c80 .functor NAND 1, L_0x565317b26b00, L_0x565317b26bc0, C4<1>, C4<1>;
v0x565317b1ad40_0 .net "clk", 0 0, v0x565317b23a50_0;  alias, 1 drivers
v0x565317b1ae00_0 .net "clkn", 0 0, L_0x565317b261d0;  1 drivers
v0x565317b1aec0_0 .net "d", 0 0, L_0x565317b26e40;  1 drivers
v0x565317b1af90_0 .net "dc", 0 0, L_0x565317b262b0;  1 drivers
v0x565317b1b050_0 .net "dc1", 0 0, L_0x565317b26680;  1 drivers
v0x565317b1b160_0 .net "nd", 0 0, L_0x565317b26240;  1 drivers
v0x565317b1b220_0 .net "ndc", 0 0, L_0x565317b26370;  1 drivers
v0x565317b1b2e0_0 .net "ndc1", 0 0, L_0x565317b26b00;  1 drivers
v0x565317b1b3a0_0 .net "q", 0 0, L_0x565317b26bc0;  1 drivers
v0x565317b1b4f0_0 .net "q1", 0 0, L_0x565317b26460;  1 drivers
v0x565317b1b5b0_0 .net "q1n", 0 0, L_0x565317b26520;  1 drivers
v0x565317b1b670_0 .net "qn", 0 0, L_0x565317b26c80;  1 drivers
S_0x565317b1b7b0 .scope module, "uff1" "dff" 3 28, 3 2 0, S_0x565317b1a960;
 .timescale 0 0;
    .port_info 0 /INPUT 1 "clk";
    .port_info 1 /INPUT 1 "d";
    .port_info 2 /OUTPUT 1 "q";
L_0x565317b26ee0 .functor NOT 1, v0x565317b23a50_0, C4<0>, C4<0>, C4<0>;
L_0x565317b26f50 .functor NOT 1, L_0x565317b27740, C4<0>, C4<0>, C4<0>;
L_0x565317b26fc0 .functor NAND 1, L_0x565317b27740, L_0x565317b26ee0, C4<1>, C4<1>;
L_0x565317b27080 .functor NAND 1, L_0x565317b26f50, L_0x565317b26ee0, C4<1>, C4<1>;
L_0x565317b27170 .functor NAND 1, L_0x565317b26fc0, L_0x565317b27230, C4<1>, C4<1>;
L_0x565317b27230 .functor NAND 1, L_0x565317b27080, L_0x565317b27170, C4<1>, C4<1>;
L_0x565317b27390 .functor NAND 1, L_0x565317b27170, v0x565317b23a50_0, C4<1>, C4<1>;
L_0x565317b27400 .functor NAND 1, L_0x565317b27230, v0x565317b23a50_0, C4<1>, C4<1>;
L_0x565317b274c0 .functor NAND 1, L_0x565317b27390, L_0x565317b27580, C4<1>, C4<1>;
L_0x565317b27580 .functor NAND 1, L_0x565317b27400, L_0x565317b274c0, C4<1>, C4<1>;
v0x565317b1b990_0 .net "clk", 0 0, v0x565317b23a50_0;  alias, 1 drivers
v0x565317b1ba50_0 .net "clkn", 0 0, L_0x565317b26ee0;  1 drivers
v0x565317b1bb10_0 .net "d", 0 0, L_0x565317b27740;  1 drivers
v0x565317b1bbb0_0 .net "dc", 0 0, L_0x565317b26fc0;  1 drivers
v0x565317b1bc70_0 .net "dc1", 0 0, L_0x565317b27390;  1 drivers
v0x565317b1bd80_0 .net "nd", 0 0, L_0x565317b26f50;  1 drivers
v0x565317b1be40_0 .net "ndc", 0 0, L_0x565317b27080;  1 drivers
v0x565317b1bf00_0 .net "ndc1", 0 0, L_0x565317b27400;  1 drivers
v0x565317b1bfc0_0 .net "q", 0 0, L_0x565317b274c0;  1 drivers
v0x565317b1c110_0 .net "q1", 0 0, L_0x565317b27170;  1 drivers
v0x565317b1c1d0_0 .net "q1n", 0 0, L_0x565317b27230;  1 drivers
v0x565317b1c290_0 .net "qn", 0 0, L_0x565317b27580;  1 drivers
S_0x565317b1c3d0 .scope module, "uff2" "dff" 3 29, 3 2 0, S_0x565317b1a960;
 .timescale 0 0;
    .port_info 0 /INPUT 1 "clk";
    .port_info 1 /INPUT 1 "d";
    .port_info 2 /OUTPUT 1 "q";
L_0x565317b27870 .functor NOT 1, v0x565317b23a50_0, C4<0>, C4<0>, C4<0>;
L_0x565317b278e0 .functor NOT 1, L_0x565317b28050, C4<0>, C4<0>, C4<0>;
L_0x565317b27950 .functor NAND 1, L_0x565317b28050, L_0x565317b27870, C4<1>, C4<1>;
L_0x565317b279c0 .functor NAND 1, L_0x565317b278e0, L_0x565317b27870, C4<1>, C4<1>;
L_0x565317b27a80 .functor NAND 1, L_0x565317b27950, L_0x565317b27b40, C4<1>, C4<1>;
L_0x565317b27b40 .functor NAND 1, L_0x565317b279c0, L_0x565317b27a80, C4<1>, C4<1>;
L_0x565317b27ca0 .functor NAND 1, L_0x565317b27a80, v0x565317b23a50_0, C4<1>, C4<1>;
L_0x565317b27d10 .functor NAND 1, L_0x565317b27b40, v0x565317b23a50_0, C4<1>, C4<1>;
L_0x565317b27dd0 .functor NAND 1, L_0x565317b27ca0, L_0x565317b27e90, C4<1>, C4<1>;
L_0x565317b27e90 .functor NAND 1, L_0x565317b27d10, L_0x565317b27dd0, C4<1>, C4<1>;
v0x565317b1c5b0_0 .net "clk", 0 0, v0x565317b23a50_0;  alias, 1 drivers
v0x565317b1c650_0 .net "clkn", 0 0, L_0x565317b27870;  1 drivers
v0x565317b1c710_0 .net "d", 0 0, L_0x565317b28050;  1 drivers
v0x565317b1c7e0_0 .net "dc", 0 0, L_0x565317b27950;  1 drivers
v0x565317b1c8a0_0 .net "dc1", 0 0, L_0x565317b27ca0;  1 drivers
v0x565317b1c9b0_0 .net "nd", 0 0, L_0x565317b278e0;  1 drivers
v0x565317b1ca70_0 .net "ndc", 0 0, L_0x565317b279c0;  1 drivers
v0x565317b1cb30_0 .net "ndc1", 0 0, L_0x565317b27d10;  1 drivers
v0x565317b1cbf0_0 .net "q", 0 0, L_0x565317b27dd0;  1 drivers
v0x565317b1cd40_0 .net "q1", 0 0, L_0x565317b27a80;  1 drivers
v0x565317b1ce00_0 .net "q1n", 0 0, L_0x565317b27b40;  1 drivers
v0x565317b1cec0_0 .net "qn", 0 0, L_0x565317b27e90;  1 drivers
S_0x565317b1d000 .scope module, "uff3" "dff" 3 30, 3 2 0, S_0x565317b1a960;
 .timescale 0 0;
    .port_info 0 /INPUT 1 "clk";
    .port_info 1 /INPUT 1 "d";
    .port_info 2 /OUTPUT 1 "q";
L_0x565317b280f0 .functor NOT 1, v0x565317b23a50_0, C4<0>, C4<0>, C4<0>;
L_0x565317b28160 .functor NOT 1, L_0x565317b28920, C4<0>, C4<0>, C4<0>;
L_0x565317b281d0 .functor NAND 1, L_0x565317b28920, L_0x565317b280f0, C4<1>, C4<1>;
L_0x565317b28290 .functor NAND 1, L_0x565317b28160, L_0x565317b280f0, C4<1>, C4<1>;
L_0x565317b28350 .functor NAND 1, L_0x565317b281d0, L_0x565317b28410, C4<1>, C4<1>;
L_0x565317b28410 .functor NAND 1, L_0x565317b28290, L_0x565317b28350, C4<1>, C4<1>;
L_0x565317b28570 .functor NAND 1, L_0x565317b28350, v0x565317b23a50_0, C4<1>, C4<1>;
L_0x565317b285e0 .functor NAND 1, L_0x565317b28410, v0x565317b23a50_0, C4<1>, C4<1>;
L_0x565317b286a0 .functor NAND 1, L_0x565317b28570, L_0x565317b28760, C4<1>, C4<1>;
L_0x565317b28760 .functor NAND 1, L_0x565317b285e0, L_0x565317b286a0, C4<1>, C4<1>;
v0x565317b1d1e0_0 .net "clk", 0 0, v0x565317b23a50_0;  alias, 1 drivers
v0x565317b1d2a0_0 .net "clkn", 0 0, L_0x565317b280f0;  1 drivers
v0x565317b1d360_0 .net "d", 0 0, L_0x565317b28920;  1 drivers
v0x565317b1d400_0 .net "dc", 0 0, L_0x565317b281d0;  1 drivers
v0x565317b1d4c0_0 .net "dc1", 0 0, L_0x565317b28570;  1 drivers
v0x565317b1d5d0_0 .net "nd", 0 0, L_0x565317b28160;  1 drivers
v0x565317b1d690_0 .net "ndc", 0 0, L_0x565317b28290;  1 drivers
v0x565317b1d750_0 .net "ndc1", 0 0, L_0x565317b285e0;  1 drivers
v0x565317b1d810_0 .net "q", 0 0, L_0x565317b286a0;  1 drivers
v0x565317b1d8d0_0 .net "q1", 0 0, L_0x565317b28350;  1 drivers
v0x565317b1d990_0 .net "q1n", 0 0, L_0x565317b28410;  1 drivers
v0x565317b1da50_0 .net "qn", 0 0, L_0x565317b28760;  1 drivers
S_0x565317b1de40 .scope module, "dff_S" "dff4" 3 115, 3 21 0, S_0x565317ab5910;
 .timescale 0 0;
    .port_info 0 /INPUT 1 "clk";
    .port_info 1 /INPUT 4 "d";
    .port_info 2 /OUTPUT 4 "q";
v0x565317b21170_0 .net "clk", 0 0, v0x565317b23a50_0;  alias, 1 drivers
v0x565317b21210_0 .net "d", 3 0, L_0x565317b2d190;  alias, 1 drivers
v0x565317b212d0_0 .net "q", 3 0, L_0x565317b2fc20;  alias, 1 drivers
L_0x565317b2e100 .part L_0x565317b2d190, 0, 1;
L_0x565317b2e9b0 .part L_0x565317b2d190, 1, 1;
L_0x565317b2f2b0 .part L_0x565317b2d190, 2, 1;
L_0x565317b2fb80 .part L_0x565317b2d190, 3, 1;
L_0x565317b2fc20 .concat8 [ 1 1 1 1], L_0x565317b2de80, L_0x565317b2e730, L_0x565317b2f030, L_0x565317b2f900;
S_0x565317b1e020 .scope module, "uff0" "dff" 3 27, 3 2 0, S_0x565317b1de40;
 .timescale 0 0;
    .port_info 0 /INPUT 1 "clk";
    .port_info 1 /INPUT 1 "d";
    .port_info 2 /OUTPUT 1 "q";
L_0x565317b2d880 .functor NOT 1, v0x565317b23a50_0, C4<0>, C4<0>, C4<0>;
L_0x565317b2d8f0 .functor NOT 1, L_0x565317b2e100, C4<0>, C4<0>, C4<0>;
L_0x565317b2d960 .functor NAND 1, L_0x565317b2e100, L_0x565317b2d880, C4<1>, C4<1>;
L_0x565317b2da70 .functor NAND 1, L_0x565317b2d8f0, L_0x565317b2d880, C4<1>, C4<1>;
L_0x565317b2db30 .functor NAND 1, L_0x565317b2d960, L_0x565317b2dbf0, C4<1>, C4<1>;
L_0x565317b2dbf0 .functor NAND 1, L_0x565317b2da70, L_0x565317b2db30, C4<1>, C4<1>;
L_0x565317b2dd50 .functor NAND 1, L_0x565317b2db30, v0x565317b23a50_0, C4<1>, C4<1>;
L_0x565317b2ddc0 .functor NAND 1, L_0x565317b2dbf0, v0x565317b23a50_0, C4<1>, C4<1>;
L_0x565317b2de80 .functor NAND 1, L_0x565317b2dd50, L_0x565317b2df40, C4<1>, C4<1>;
L_0x565317b2df40 .functor NAND 1, L_0x565317b2ddc0, L_0x565317b2de80, C4<1>, C4<1>;
v0x565317b1e290_0 .net "clk", 0 0, v0x565317b23a50_0;  alias, 1 drivers
v0x565317b1e350_0 .net "clkn", 0 0, L_0x565317b2d880;  1 drivers
v0x565317b1e410_0 .net "d", 0 0, L_0x565317b2e100;  1 drivers
v0x565317b1e4e0_0 .net "dc", 0 0, L_0x565317b2d960;  1 drivers
v0x565317b1e5a0_0 .net "dc1", 0 0, L_0x565317b2dd50;  1 drivers
v0x565317b1e6b0_0 .net "nd", 0 0, L_0x565317b2d8f0;  1 drivers
v0x565317b1e770_0 .net "ndc", 0 0, L_0x565317b2da70;  1 drivers
v0x565317b1e830_0 .net "ndc1", 0 0, L_0x565317b2ddc0;  1 drivers
v0x565317b1e8f0_0 .net "q", 0 0, L_0x565317b2de80;  1 drivers
v0x565317b1ea40_0 .net "q1", 0 0, L_0x565317b2db30;  1 drivers
v0x565317b1eb00_0 .net "q1n", 0 0, L_0x565317b2dbf0;  1 drivers
v0x565317b1ebc0_0 .net "qn", 0 0, L_0x565317b2df40;  1 drivers
S_0x565317b1ed00 .scope module, "uff1" "dff" 3 28, 3 2 0, S_0x565317b1de40;
 .timescale 0 0;
    .port_info 0 /INPUT 1 "clk";
    .port_info 1 /INPUT 1 "d";
    .port_info 2 /OUTPUT 1 "q";
L_0x565317b2e1a0 .functor NOT 1, v0x565317b23a50_0, C4<0>, C4<0>, C4<0>;
L_0x565317b2e210 .functor NOT 1, L_0x565317b2e9b0, C4<0>, C4<0>, C4<0>;
L_0x565317b2e280 .functor NAND 1, L_0x565317b2e9b0, L_0x565317b2e1a0, C4<1>, C4<1>;
L_0x565317b2e2f0 .functor NAND 1, L_0x565317b2e210, L_0x565317b2e1a0, C4<1>, C4<1>;
L_0x565317b2e3e0 .functor NAND 1, L_0x565317b2e280, L_0x565317b2e4a0, C4<1>, C4<1>;
L_0x565317b2e4a0 .functor NAND 1, L_0x565317b2e2f0, L_0x565317b2e3e0, C4<1>, C4<1>;
L_0x565317b2e600 .functor NAND 1, L_0x565317b2e3e0, v0x565317b23a50_0, C4<1>, C4<1>;
L_0x565317b2e670 .functor NAND 1, L_0x565317b2e4a0, v0x565317b23a50_0, C4<1>, C4<1>;
L_0x565317b2e730 .functor NAND 1, L_0x565317b2e600, L_0x565317b2e7f0, C4<1>, C4<1>;
L_0x565317b2e7f0 .functor NAND 1, L_0x565317b2e670, L_0x565317b2e730, C4<1>, C4<1>;
v0x565317b1eee0_0 .net "clk", 0 0, v0x565317b23a50_0;  alias, 1 drivers
v0x565317b1efa0_0 .net "clkn", 0 0, L_0x565317b2e1a0;  1 drivers
v0x565317b1f060_0 .net "d", 0 0, L_0x565317b2e9b0;  1 drivers
v0x565317b1f100_0 .net "dc", 0 0, L_0x565317b2e280;  1 drivers
v0x565317b1f1c0_0 .net "dc1", 0 0, L_0x565317b2e600;  1 drivers
v0x565317b1f2d0_0 .net "nd", 0 0, L_0x565317b2e210;  1 drivers
v0x565317b1f390_0 .net "ndc", 0 0, L_0x565317b2e2f0;  1 drivers
v0x565317b1f450_0 .net "ndc1", 0 0, L_0x565317b2e670;  1 drivers
v0x565317b1f510_0 .net "q", 0 0, L_0x565317b2e730;  1 drivers
v0x565317b1f660_0 .net "q1", 0 0, L_0x565317b2e3e0;  1 drivers
v0x565317b1f720_0 .net "q1n", 0 0, L_0x565317b2e4a0;  1 drivers
v0x565317b1f7e0_0 .net "qn", 0 0, L_0x565317b2e7f0;  1 drivers
S_0x565317b1f920 .scope module, "uff2" "dff" 3 29, 3 2 0, S_0x565317b1de40;
 .timescale 0 0;
    .port_info 0 /INPUT 1 "clk";
    .port_info 1 /INPUT 1 "d";
    .port_info 2 /OUTPUT 1 "q";
L_0x565317b2ea50 .functor NOT 1, v0x565317b23a50_0, C4<0>, C4<0>, C4<0>;
L_0x565317b2eac0 .functor NOT 1, L_0x565317b2f2b0, C4<0>, C4<0>, C4<0>;
L_0x565317b2eb30 .functor NAND 1, L_0x565317b2f2b0, L_0x565317b2ea50, C4<1>, C4<1>;
L_0x565317b2ebf0 .functor NAND 1, L_0x565317b2eac0, L_0x565317b2ea50, C4<1>, C4<1>;
L_0x565317b2ece0 .functor NAND 1, L_0x565317b2eb30, L_0x565317b2eda0, C4<1>, C4<1>;
L_0x565317b2eda0 .functor NAND 1, L_0x565317b2ebf0, L_0x565317b2ece0, C4<1>, C4<1>;
L_0x565317b2ef00 .functor NAND 1, L_0x565317b2ece0, v0x565317b23a50_0, C4<1>, C4<1>;
L_0x565317b2ef70 .functor NAND 1, L_0x565317b2eda0, v0x565317b23a50_0, C4<1>, C4<1>;
L_0x565317b2f030 .functor NAND 1, L_0x565317b2ef00, L_0x565317b2f0f0, C4<1>, C4<1>;
L_0x565317b2f0f0 .functor NAND 1, L_0x565317b2ef70, L_0x565317b2f030, C4<1>, C4<1>;
v0x565317b1fb00_0 .net "clk", 0 0, v0x565317b23a50_0;  alias, 1 drivers
v0x565317b1fba0_0 .net "clkn", 0 0, L_0x565317b2ea50;  1 drivers
v0x565317b1fc60_0 .net "d", 0 0, L_0x565317b2f2b0;  1 drivers
v0x565317b1fd30_0 .net "dc", 0 0, L_0x565317b2eb30;  1 drivers
v0x565317b1fdf0_0 .net "dc1", 0 0, L_0x565317b2ef00;  1 drivers
v0x565317b1ff00_0 .net "nd", 0 0, L_0x565317b2eac0;  1 drivers
v0x565317b1ffc0_0 .net "ndc", 0 0, L_0x565317b2ebf0;  1 drivers
v0x565317b20080_0 .net "ndc1", 0 0, L_0x565317b2ef70;  1 drivers
v0x565317b20140_0 .net "q", 0 0, L_0x565317b2f030;  1 drivers
v0x565317b20290_0 .net "q1", 0 0, L_0x565317b2ece0;  1 drivers
v0x565317b20350_0 .net "q1n", 0 0, L_0x565317b2eda0;  1 drivers
v0x565317b20410_0 .net "qn", 0 0, L_0x565317b2f0f0;  1 drivers
S_0x565317b20550 .scope module, "uff3" "dff" 3 30, 3 2 0, S_0x565317b1de40;
 .timescale 0 0;
    .port_info 0 /INPUT 1 "clk";
    .port_info 1 /INPUT 1 "d";
    .port_info 2 /OUTPUT 1 "q";
L_0x565317b2f350 .functor NOT 1, v0x565317b23a50_0, C4<0>, C4<0>, C4<0>;
L_0x565317b2f3c0 .functor NOT 1, L_0x565317b2fb80, C4<0>, C4<0>, C4<0>;
L_0x565317b2f430 .functor NAND 1, L_0x565317b2fb80, L_0x565317b2f350, C4<1>, C4<1>;
L_0x565317b2f4f0 .functor NAND 1, L_0x565317b2f3c0, L_0x565317b2f350, C4<1>, C4<1>;
L_0x565317b2f5b0 .functor NAND 1, L_0x565317b2f430, L_0x565317b2f670, C4<1>, C4<1>;
L_0x565317b2f670 .functor NAND 1, L_0x565317b2f4f0, L_0x565317b2f5b0, C4<1>, C4<1>;
L_0x565317b2f7d0 .functor NAND 1, L_0x565317b2f5b0, v0x565317b23a50_0, C4<1>, C4<1>;
L_0x565317b2f840 .functor NAND 1, L_0x565317b2f670, v0x565317b23a50_0, C4<1>, C4<1>;
L_0x565317b2f900 .functor NAND 1, L_0x565317b2f7d0, L_0x565317b2f9c0, C4<1>, C4<1>;
L_0x565317b2f9c0 .functor NAND 1, L_0x565317b2f840, L_0x565317b2f900, C4<1>, C4<1>;
v0x565317b20730_0 .net "clk", 0 0, v0x565317b23a50_0;  alias, 1 drivers
v0x565317b207f0_0 .net "clkn", 0 0, L_0x565317b2f350;  1 drivers
v0x565317b208b0_0 .net "d", 0 0, L_0x565317b2fb80;  1 drivers
v0x565317b20950_0 .net "dc", 0 0, L_0x565317b2f430;  1 drivers
v0x565317b20a10_0 .net "dc1", 0 0, L_0x565317b2f7d0;  1 drivers
v0x565317b20b20_0 .net "nd", 0 0, L_0x565317b2f3c0;  1 drivers
v0x565317b20be0_0 .net "ndc", 0 0, L_0x565317b2f4f0;  1 drivers
v0x565317b20ca0_0 .net "ndc1", 0 0, L_0x565317b2f840;  1 drivers
v0x565317b20d60_0 .net "q", 0 0, L_0x565317b2f900;  1 drivers
v0x565317b20eb0_0 .net "q1", 0 0, L_0x565317b2f5b0;  1 drivers
v0x565317b20f70_0 .net "q1n", 0 0, L_0x565317b2f670;  1 drivers
v0x565317b21030_0 .net "qn", 0 0, L_0x565317b2f9c0;  1 drivers
S_0x565317b21420 .scope module, "dff_cin" "dff" 3 101, 3 2 0, S_0x565317ab5910;
 .timescale 0 0;
    .port_info 0 /INPUT 1 "clk";
    .port_info 1 /INPUT 1 "d";
    .port_info 2 /OUTPUT 1 "q";
L_0x565317b28a60 .functor NOT 1, v0x565317b23a50_0, C4<0>, C4<0>, C4<0>;
L_0x565317b28ad0 .functor NOT 1, v0x565317b23960_0, C4<0>, C4<0>, C4<0>;
L_0x565317b28b40 .functor NAND 1, v0x565317b23960_0, L_0x565317b28a60, C4<1>, C4<1>;
L_0x565317b28c40 .functor NAND 1, L_0x565317b28ad0, L_0x565317b28a60, C4<1>, C4<1>;
L_0x565317b28ce0 .functor NAND 1, L_0x565317b28b40, L_0x565317b28da0, C4<1>, C4<1>;
L_0x565317b28da0 .functor NAND 1, L_0x565317b28c40, L_0x565317b28ce0, C4<1>, C4<1>;
L_0x565317b28f00 .functor NAND 1, L_0x565317b28ce0, v0x565317b23a50_0, C4<1>, C4<1>;
L_0x565317b28f70 .functor NAND 1, L_0x565317b28da0, v0x565317b23a50_0, C4<1>, C4<1>;
L_0x565317b29030 .functor NAND 1, L_0x565317b28f00, L_0x565317b290f0, C4<1>, C4<1>;
L_0x565317b290f0 .functor NAND 1, L_0x565317b28f70, L_0x565317b29030, C4<1>, C4<1>;
v0x565317b21650_0 .net "clk", 0 0, v0x565317b23a50_0;  alias, 1 drivers
v0x565317b21710_0 .net "clkn", 0 0, L_0x565317b28a60;  1 drivers
v0x565317b217d0_0 .net "d", 0 0, v0x565317b23960_0;  alias, 1 drivers
v0x565317b21870_0 .net "dc", 0 0, L_0x565317b28b40;  1 drivers
v0x565317b21930_0 .net "dc1", 0 0, L_0x565317b28f00;  1 drivers
v0x565317b21a40_0 .net "nd", 0 0, L_0x565317b28ad0;  1 drivers
v0x565317b21b00_0 .net "ndc", 0 0, L_0x565317b28c40;  1 drivers
v0x565317b21bc0_0 .net "ndc1", 0 0, L_0x565317b28f70;  1 drivers
v0x565317b21c80_0 .net "q", 0 0, L_0x565317b29030;  alias, 1 drivers
v0x565317b21db0_0 .net "q1", 0 0, L_0x565317b28ce0;  1 drivers
v0x565317b21e50_0 .net "q1n", 0 0, L_0x565317b28da0;  1 drivers
v0x565317b21f10_0 .net "qn", 0 0, L_0x565317b290f0;  1 drivers
S_0x565317b22050 .scope module, "dff_cout" "dff" 3 121, 3 2 0, S_0x565317ab5910;
 .timescale 0 0;
    .port_info 0 /INPUT 1 "clk";
    .port_info 1 /INPUT 1 "d";
    .port_info 2 /OUTPUT 1 "q";
L_0x565317b2fcc0 .functor NOT 1, v0x565317b23a50_0, C4<0>, C4<0>, C4<0>;
L_0x565317b2fd30 .functor NOT 1, L_0x565317b2c660, C4<0>, C4<0>, C4<0>;
L_0x565317b2fda0 .functor NAND 1, L_0x565317b2c660, L_0x565317b2fcc0, C4<1>, C4<1>;
L_0x565317b2fe10 .functor NAND 1, L_0x565317b2fd30, L_0x565317b2fcc0, C4<1>, C4<1>;
L_0x565317b2feb0 .functor NAND 1, L_0x565317b2fda0, L_0x565317b2ff70, C4<1>, C4<1>;
L_0x565317b2ff70 .functor NAND 1, L_0x565317b2fe10, L_0x565317b2feb0, C4<1>, C4<1>;
L_0x565317b300d0 .functor NAND 1, L_0x565317b2feb0, v0x565317b23a50_0, C4<1>, C4<1>;
L_0x565317b30140 .functor NAND 1, L_0x565317b2ff70, v0x565317b23a50_0, C4<1>, C4<1>;
L_0x565317b30200 .functor NAND 1, L_0x565317b300d0, L_0x565317b302c0, C4<1>, C4<1>;
L_0x565317b302c0 .functor NAND 1, L_0x565317b30140, L_0x565317b30200, C4<1>, C4<1>;
v0x565317b22230_0 .net "clk", 0 0, v0x565317b23a50_0;  alias, 1 drivers
v0x565317b222f0_0 .net "clkn", 0 0, L_0x565317b2fcc0;  1 drivers
v0x565317b223b0_0 .net "d", 0 0, L_0x565317b2c660;  alias, 1 drivers
v0x565317b224b0_0 .net "dc", 0 0, L_0x565317b2fda0;  1 drivers
v0x565317b22550_0 .net "dc1", 0 0, L_0x565317b300d0;  1 drivers
v0x565317b22640_0 .net "nd", 0 0, L_0x565317b2fd30;  1 drivers
v0x565317b22700_0 .net "ndc", 0 0, L_0x565317b2fe10;  1 drivers
v0x565317b227c0_0 .net "ndc1", 0 0, L_0x565317b30140;  1 drivers
v0x565317b22880_0 .net "q", 0 0, L_0x565317b30200;  alias, 1 drivers
v0x565317b229d0_0 .net "q1", 0 0, L_0x565317b2feb0;  1 drivers
v0x565317b22a90_0 .net "q1n", 0 0, L_0x565317b2ff70;  1 drivers
v0x565317b22b50_0 .net "qn", 0 0, L_0x565317b302c0;  1 drivers
    .scope S_0x565317ab5780;
T_0 ;
    %delay 5, 0;
    %load/vec4 v0x565317b23a50_0;
    %inv;
    %store/vec4 v0x565317b23a50_0, 0, 1;
    %jmp T_0;
    .thread T_0;
    .scope S_0x565317ab5780;
T_1 ;
    %pushi/vec4 0, 0, 1;
    %store/vec4 v0x565317b23a50_0, 0, 1;
    %pushi/vec4 0, 0, 4;
    %store/vec4 v0x565317b23630_0, 0, 4;
    %pushi/vec4 0, 0, 4;
    %store/vec4 v0x565317b23760_0, 0, 4;
    %pushi/vec4 0, 0, 1;
    %store/vec4 v0x565317b23960_0, 0, 1;
    %delay 10, 0;
    %pushi/vec4 11, 0, 4;
    %store/vec4 v0x565317b23630_0, 0, 4;
    %pushi/vec4 7, 0, 4;
    %store/vec4 v0x565317b23760_0, 0, 4;
    %pushi/vec4 0, 0, 1;
    %store/vec4 v0x565317b23960_0, 0, 1;
    %delay 10, 0;
    %vpi_call 2 27 "$display", "Time=%0t | A=%b B=%b cin=%b | S=%b cout=%b", $time, v0x565317b23630_0, v0x565317b23760_0, v0x565317b23960_0, v0x565317b23870_0, v0x565317b23b40_0 {0 0 0};
    %delay 10, 0;
    %pushi/vec4 12, 0, 4;
    %store/vec4 v0x565317b23630_0, 0, 4;
    %pushi/vec4 3, 0, 4;
    %store/vec4 v0x565317b23760_0, 0, 4;
    %pushi/vec4 1, 0, 1;
    %store/vec4 v0x565317b23960_0, 0, 1;
    %delay 10, 0;
    %vpi_call 2 28 "$display", "Time=%0t | A=%b B=%b cin=%b | S=%b cout=%b", $time, v0x565317b23630_0, v0x565317b23760_0, v0x565317b23960_0, v0x565317b23870_0, v0x565317b23b40_0 {0 0 0};
    %delay 10, 0;
    %pushi/vec4 14, 0, 4;
    %store/vec4 v0x565317b23630_0, 0, 4;
    %pushi/vec4 15, 0, 4;
    %store/vec4 v0x565317b23760_0, 0, 4;
    %pushi/vec4 0, 0, 1;
    %store/vec4 v0x565317b23960_0, 0, 1;
    %delay 10, 0;
    %vpi_call 2 29 "$display", "Time=%0t | A=%b B=%b cin=%b | S=%b cout=%b", $time, v0x565317b23630_0, v0x565317b23760_0, v0x565317b23960_0, v0x565317b23870_0, v0x565317b23b40_0 {0 0 0};
    %delay 10, 0;
    %pushi/vec4 3, 0, 4;
    %store/vec4 v0x565317b23630_0, 0, 4;
    %pushi/vec4 15, 0, 4;
    %store/vec4 v0x565317b23760_0, 0, 4;
    %pushi/vec4 1, 0, 1;
    %store/vec4 v0x565317b23960_0, 0, 1;
    %delay 10, 0;
    %vpi_call 2 30 "$display", "Time=%0t | A=%b B=%b cin=%b | S=%b cout=%b", $time, v0x565317b23630_0, v0x565317b23760_0, v0x565317b23960_0, v0x565317b23870_0, v0x565317b23b40_0 {0 0 0};
    %delay 10, 0;
    %pushi/vec4 13, 0, 4;
    %store/vec4 v0x565317b23630_0, 0, 4;
    %pushi/vec4 11, 0, 4;
    %store/vec4 v0x565317b23760_0, 0, 4;
    %pushi/vec4 0, 0, 1;
    %store/vec4 v0x565317b23960_0, 0, 1;
    %delay 10, 0;
    %vpi_call 2 31 "$display", "Time=%0t | A=%b B=%b cin=%b | S=%b cout=%b", $time, v0x565317b23630_0, v0x565317b23760_0, v0x565317b23960_0, v0x565317b23870_0, v0x565317b23b40_0 {0 0 0};
    %delay 10, 0;
    %vpi_call 2 32 "$finish" {0 0 0};
    %delay 20, 0;
    %vpi_call 2 33 "$stop" {0 0 0};
    %end;
    .thread T_1;
    .scope S_0x565317ab5780;
T_2 ;
    %vpi_call 2 38 "$dumpfile", "fcla.vcd" {0 0 0};
    %vpi_call 2 39 "$dumpvars", 32'sb00000000000000000000000000000000, S_0x565317ab5780 {0 0 0};
    %end;
    .thread T_2;
# The file index is used to find the file name in the following table.
:file_names 4;
    "N/A";
    "<interactive>";
    "tbcla.v";
    "./cla.v";
